2021-06-07 00:59:38 [scrapy.utils.log] INFO: Scrapy 2.5.0 started (bot: tcc)
2021-06-07 00:59:38 [scrapy.utils.log] INFO: Versions: lxml 4.6.3.0, libxml2 2.9.10, cssselect 1.1.0, parsel 1.6.0, w3lib 1.22.0, Twisted 21.2.0, Python 3.8.8 (default, Feb 21 2021, 10:35:39) - [Clang 12.0.0 (clang-1200.0.32.29)], pyOpenSSL 20.0.1 (OpenSSL 1.1.1k  25 Mar 2021), cryptography 3.4.7, Platform macOS-11.2.3-x86_64-i386-64bit
2021-06-07 00:59:38 [scrapy.crawler] INFO: Overridden settings:
{'BOT_NAME': 'tcc',
 'CONCURRENT_REQUESTS': 12,
 'CONCURRENT_REQUESTS_PER_DOMAIN': 12,
 'FEED_EXPORT_ENCODING': 'utf-8',
 'LOG_LEVEL': 'INFO',
 'NEWSPIDER_MODULE': 'tcc.spiders',
 'SPIDER_MODULES': ['tcc.spiders'],
 'TELNETCONSOLE_ENABLED': False}
2021-06-07 00:59:38 [scrapy.middleware] INFO: Enabled extensions:
['scrapy.extensions.corestats.CoreStats',
 'scrapy.extensions.memusage.MemoryUsage',
 'scrapy.extensions.logstats.LogStats']
2021-06-07 00:59:38 [scrapy.middleware] INFO: Enabled downloader middlewares:
['scrapy.downloadermiddlewares.httpauth.HttpAuthMiddleware',
 'scrapy.downloadermiddlewares.downloadtimeout.DownloadTimeoutMiddleware',
 'scrapy.downloadermiddlewares.defaultheaders.DefaultHeadersMiddleware',
 'scrapy.downloadermiddlewares.useragent.UserAgentMiddleware',
 'scrapy.downloadermiddlewares.retry.RetryMiddleware',
 'scrapy.downloadermiddlewares.redirect.MetaRefreshMiddleware',
 'scrapy.downloadermiddlewares.httpcompression.HttpCompressionMiddleware',
 'scrapy.downloadermiddlewares.redirect.RedirectMiddleware',
 'scrapy.downloadermiddlewares.cookies.CookiesMiddleware',
 'scrapy.downloadermiddlewares.httpproxy.HttpProxyMiddleware',
 'scrapy.downloadermiddlewares.stats.DownloaderStats']
2021-06-07 00:59:38 [scrapy.middleware] INFO: Enabled spider middlewares:
['scrapy.spidermiddlewares.httperror.HttpErrorMiddleware',
 'scrapy.spidermiddlewares.offsite.OffsiteMiddleware',
 'scrapy.spidermiddlewares.referer.RefererMiddleware',
 'scrapy.spidermiddlewares.urllength.UrlLengthMiddleware',
 'scrapy.spidermiddlewares.depth.DepthMiddleware']
2021-06-07 00:59:38 [scrapy.middleware] INFO: Enabled item pipelines:
['tcc.pipelines.PipelineMongoDB']
2021-06-07 00:59:38 [scrapy.core.engine] INFO: Spider opened
2021-06-07 00:59:38 [scrapy.extensions.logstats] INFO: Crawled 0 pages (at 0 pages/min), scraped 0 items (at 0 items/min)
2021-06-07 01:00:38 [scrapy.extensions.logstats] INFO: Crawled 534 pages (at 534 pages/min), scraped 1552 items (at 1552 items/min)
2021-06-07 01:01:14 [scrapy.spidermiddlewares.urllength] INFO: Ignoring link (url length > 2083): https://en.wikipedia.org/w/api.php?action=query&formatversion=2&pageids=656&prop=revisions&rvprop=ids|timestamp|content&format=json&rvlimit=max&rvcontinue=20201106224659|987420211&rvcontinue=20200528133618|959379602&rvcontinue=20191213074312|930552506&rvcontinue=20180916074609|859781479&rvcontinue=20160901144044|737235643&rvcontinue=20150607150228|665898004&rvcontinue=20141209190133|637358125&rvcontinue=20140609000025|612144046&rvcontinue=20140107073649|589565197&rvcontinue=20130930090658|575114787&rvcontinue=20130508174332|554160924&rvcontinue=20130301183003|541561913&rvcontinue=20121210091036|527325310&rvcontinue=20121006122651|516303309&rvcontinue=20120111053145|470743573&rvcontinue=20111203224322|463901909&rvcontinue=20110925154423|452368108&rvcontinue=20110624174017|436009751&rvcontinue=20110606235915|432939504&rvcontinue=20110406102419|422671450&rvcontinue=20110108114658|406661880&rvcontinue=20101102181250|394418537&rvcontinue=20100919213901|385794975&rvcontinue=20100719132629|374301899&rvcontinue=20100517193523|362665428&rvcontinue=20100404201805|353964354&rvcontinue=20100310114536|348971319&rvcontinue=20100301152014|347101700&rvcontinue=20100201191514|341323630&rvcontinue=20100114195502|337856006&rvcontinue=20091212171747|331284863&rvcontinue=20091120171156|326956438&rvcontinue=20091015223607|320104096&rvcontinue=20090904190124|311880631&rvcontinue=20090503091543|287611223&rvcontinue=20090126182834|266570694&rvcontinue=20090114031050|263960656&rvcontinue=20081211000312|257165296&rvcontinue=20081125220939|254101268&rvcontinue=20081105114051|249826268&rvcontinue=20081012043330|244712883&rvcontinue=20080919143238|239573048&rvcontinue=20080727112351|228173207&rvcontinue=20080124182511|186634131&rvcontinue=20080103214831|181962787&rvcontinue=20071129095355|174565375&rvcontinue=20071030000011|167968083&rvcontinue=20071004222041|162338926&rvcontinue=20070919175025|158991732&rvcontinue=20070823083442|153111511&rvcontinue=20070612215733|137766819&rvcontinue=20070515014849|130934555&rvcontinue=20070416161043|123278115&rvcontinue=20070319120529|116235619 
2021-06-07 01:01:38 [scrapy.extensions.logstats] INFO: Crawled 941 pages (at 407 pages/min), scraped 2065 items (at 513 items/min)
2021-06-07 01:01:49 [scrapy.spidermiddlewares.urllength] INFO: Ignoring link (url length > 2083): https://en.wikipedia.org/w/api.php?action=query&formatversion=2&pageids=902&prop=revisions&rvprop=ids|timestamp|content&format=json&rvlimit=max&rvcontinue=20200902063542|976296266&rvcontinue=20200813104318|972690016&rvcontinue=20200729094758|970111521&rvcontinue=20200705171622|966196482&rvcontinue=20200324165709|947155258&rvcontinue=20191121145644|927290989&rvcontinue=20190626112123|903557594&rvcontinue=20180809030755|854121983&rvcontinue=20170808223218|794596317&rvcontinue=20160206103534|703583709&rvcontinue=20151109130956|689795698&rvcontinue=20150425221247|659205687&rvcontinue=20150112162127|642171658&rvcontinue=20150110163854|641887065&rvcontinue=20141107093328|632807994&rvcontinue=20140505175438|607212531&rvcontinue=20140105122221|589280554&rvcontinue=20130610042900|559172769&rvcontinue=20121024221432|519650798&rvcontinue=20121013173831|517602141&rvcontinue=20120215173300|477036069&rvcontinue=20110925131157|452350103&rvcontinue=20110819220438|445730424&rvcontinue=20110430180403|426758220&rvcontinue=20110121141040|409166637&rvcontinue=20101223032531|403816089&rvcontinue=20100908013012|383561518&rvcontinue=20100819094351|379749901&rvcontinue=20100629213816|370858721&rvcontinue=20100531211219|365293596&rvcontinue=20100509200351|361138838&rvcontinue=20100226235509|346590733&rvcontinue=20091024221822|321833851&rvcontinue=20090929140846|316886957&rvcontinue=20090916162453|314366393&rvcontinue=20090908103943|312566043&rvcontinue=20090802072056|305594734&rvcontinue=20090627112741|298921687&rvcontinue=20090413060202|283512721&rvcontinue=20081208235319|256725846&rvcontinue=20080916043524|238741611&rvcontinue=20080910153801|237514900&rvcontinue=20080907232541|236959111&rvcontinue=20080812072148|231405076&rvcontinue=20080718052850|226394206&rvcontinue=20080710201403|224875285&rvcontinue=20080709200429|224644467&rvcontinue=20080709145727|224583333&rvcontinue=20080709013353|224484965&rvcontinue=20080624092902|221394255&rvcontinue=20080608141639|217957725&rvcontinue=20080527182541|215324404&rvcontinue=20080518170510|213276276&rvcontinue=20080502023836|209611968 
2021-06-07 01:03:49 [scrapy.extensions.logstats] INFO: Crawled 1161 pages (at 220 pages/min), scraped 3081 items (at 1016 items/min)
2021-06-07 01:04:27 [scrapy.spidermiddlewares.urllength] INFO: Ignoring link (url length > 2083): https://en.wikipedia.org/w/api.php?action=query&formatversion=2&pageids=308&prop=revisions&rvprop=ids|timestamp|content&format=json&rvlimit=max&rvcontinue=20210115025015|1000435890&rvcontinue=20200808172054|971855281&rvcontinue=20200216234143|941162576&rvcontinue=20190730012453|908487040&rvcontinue=20190223141514|884711991&rvcontinue=20190128122256|880617247&rvcontinue=20181026152919|865846904&rvcontinue=20180905215433|858239824&rvcontinue=20180511201025|840733190&rvcontinue=20180331113950|833414974&rvcontinue=20180329215655|833142601&rvcontinue=20180329153305|833082126&rvcontinue=20180328125705|832871700&rvcontinue=20180325140204|832356038&rvcontinue=20180323110321|832023974&rvcontinue=20180322090542|831810073&rvcontinue=20180321032628|831543376&rvcontinue=20180320113935|831397565&rvcontinue=20180319144421|831235230&rvcontinue=20180201160234|823489888&rvcontinue=20170824205810|797079750&rvcontinue=20170222153532|766861179&rvcontinue=20161117110255|750017636&rvcontinue=20160330021448|712604242&rvcontinue=20150627102013|668886513&rvcontinue=20141211050231|637581127&rvcontinue=20140716063144|617146473&rvcontinue=20140208233152|594587873&rvcontinue=20130910194132|572388706&rvcontinue=20130214071217|538181840&rvcontinue=20121010234543|517094773&rvcontinue=20120515152923|492707211&rvcontinue=20111105214105|459199806&rvcontinue=20110706024727|437984170&rvcontinue=20110116210515|408267271&rvcontinue=20100919200004|385778874&rvcontinue=20100826175119|381155738&rvcontinue=20100720124503|374485291&rvcontinue=20100614055903|367915539&rvcontinue=20100219164943|345043666&rvcontinue=20100125062910|339877279&rvcontinue=20091008203342|318726731&rvcontinue=20090929224000|316976876&rvcontinue=20090917233606|314621600&rvcontinue=20090908173426|312622163&rvcontinue=20090815222730|308199825&rvcontinue=20090720204645|303201905&rvcontinue=20090616083810|296715006&rvcontinue=20090604191533|294430735&rvcontinue=20090521153442|291415883&rvcontinue=20090508181201|288717870&rvcontinue=20090501112204|287229657&rvcontinue=20090316133747|277639606&rvcontinue=20090121190707|265535856 
2021-06-07 01:04:35 [scrapy.crawler] INFO: Received SIGINT, shutting down gracefully. Send again to force 
2021-06-07 01:04:35 [scrapy.core.engine] INFO: Closing spider (shutdown)
2021-06-07 01:04:35 [scrapy.crawler] INFO: Received SIGINT twice, forcing unclean shutdown
2021-06-07 01:04:35 [scrapy.core.downloader.handlers.http11] WARNING: Got data loss in https://en.wikipedia.org/w/api.php?action=query&formatversion=2&pageids=2308&prop=revisions&rvprop=ids|timestamp|content&format=json&rvlimit=max&rvcontinue=20191115003857|926226076&rvcontinue=20181123074357|870218022. If you want to process broken responses set the setting DOWNLOAD_FAIL_ON_DATALOSS = False -- This message won't be shown in further requests
2021-06-07 01:04:35 [scrapy.core.downloader.handlers.http11] WARNING: Got data loss in https://en.wikipedia.org/w/api.php?action=query&formatversion=2&pageids=1979&prop=revisions&rvprop=ids|timestamp|content&format=json&rvlimit=max&rvcontinue=20210210220931|1006073125&rvcontinue=20200917013254|978804627&rvcontinue=20200514174336|956678169&rvcontinue=20191116095910|926432090&rvcontinue=20190528163642|899217473&rvcontinue=20190211185443|882851088. If you want to process broken responses set the setting DOWNLOAD_FAIL_ON_DATALOSS = False -- This message won't be shown in further requests
2021-06-07 01:04:35 [scrapy.core.downloader.handlers.http11] WARNING: Got data loss in https://en.wikipedia.org/w/api.php?action=query&formatversion=2&pageids=1844&prop=revisions&rvprop=ids|timestamp|content&format=json&rvlimit=max&rvcontinue=20210417081210|1018292677&rvcontinue=20210116042423|1000671646&rvcontinue=20190819051135|911486395&rvcontinue=20180303182456|828619141&rvcontinue=20170808235239|794605895&rvcontinue=20160822142200|735698645&rvcontinue=20150114100706|642435143&rvcontinue=20140424173810|605634394&rvcontinue=20130119145225|533852127&rvcontinue=20120621063520|498620538&rvcontinue=20110625080840|436108015&rvcontinue=20110110170316|407096454&rvcontinue=20100915233031|385070853&rvcontinue=20100809062356|377951972&rvcontinue=20100522042219|363500679&rvcontinue=20091012154348|319437515&rvcontinue=20090325213519|279671753&rvcontinue=20090129020126|267104465&rvcontinue=20080903144555|236036050&rvcontinue=20080803081723|229550504&rvcontinue=20080622093105|220942078. If you want to process broken responses set the setting DOWNLOAD_FAIL_ON_DATALOSS = False -- This message won't be shown in further requests
