2021-06-07 01:08:23 [scrapy.utils.log] INFO: Scrapy 2.5.0 started (bot: tcc)
2021-06-07 01:08:23 [scrapy.utils.log] INFO: Versions: lxml 4.6.3.0, libxml2 2.9.10, cssselect 1.1.0, parsel 1.6.0, w3lib 1.22.0, Twisted 21.2.0, Python 3.8.8 (default, Feb 21 2021, 10:35:39) - [Clang 12.0.0 (clang-1200.0.32.29)], pyOpenSSL 20.0.1 (OpenSSL 1.1.1k  25 Mar 2021), cryptography 3.4.7, Platform macOS-11.2.3-x86_64-i386-64bit
2021-06-07 01:08:23 [scrapy.crawler] INFO: Overridden settings:
{'BOT_NAME': 'tcc',
 'CONCURRENT_REQUESTS': 12,
 'CONCURRENT_REQUESTS_PER_DOMAIN': 12,
 'FEED_EXPORT_ENCODING': 'utf-8',
 'LOG_LEVEL': 'INFO',
 'NEWSPIDER_MODULE': 'tcc.spiders',
 'SPIDER_MODULES': ['tcc.spiders'],
 'TELNETCONSOLE_ENABLED': False}
2021-06-07 01:08:23 [scrapy.middleware] INFO: Enabled extensions:
['scrapy.extensions.corestats.CoreStats',
 'scrapy.extensions.memusage.MemoryUsage',
 'scrapy.extensions.logstats.LogStats']
2021-06-07 01:08:23 [scrapy.middleware] INFO: Enabled downloader middlewares:
['scrapy.downloadermiddlewares.httpauth.HttpAuthMiddleware',
 'scrapy.downloadermiddlewares.downloadtimeout.DownloadTimeoutMiddleware',
 'scrapy.downloadermiddlewares.defaultheaders.DefaultHeadersMiddleware',
 'scrapy.downloadermiddlewares.useragent.UserAgentMiddleware',
 'scrapy.downloadermiddlewares.retry.RetryMiddleware',
 'scrapy.downloadermiddlewares.redirect.MetaRefreshMiddleware',
 'scrapy.downloadermiddlewares.httpcompression.HttpCompressionMiddleware',
 'scrapy.downloadermiddlewares.redirect.RedirectMiddleware',
 'scrapy.downloadermiddlewares.cookies.CookiesMiddleware',
 'scrapy.downloadermiddlewares.httpproxy.HttpProxyMiddleware',
 'scrapy.downloadermiddlewares.stats.DownloaderStats']
2021-06-07 01:08:23 [scrapy.middleware] INFO: Enabled spider middlewares:
['scrapy.spidermiddlewares.httperror.HttpErrorMiddleware',
 'scrapy.spidermiddlewares.offsite.OffsiteMiddleware',
 'scrapy.spidermiddlewares.referer.RefererMiddleware',
 'scrapy.spidermiddlewares.urllength.UrlLengthMiddleware',
 'scrapy.spidermiddlewares.depth.DepthMiddleware']
2021-06-07 01:08:23 [scrapy.middleware] INFO: Enabled item pipelines:
['tcc.pipelines.PipelineMongoDB']
2021-06-07 01:08:23 [scrapy.core.engine] INFO: Spider opened
2021-06-07 01:08:23 [scrapy.extensions.logstats] INFO: Crawled 0 pages (at 0 pages/min), scraped 0 items (at 0 items/min)
2021-06-07 01:09:23 [scrapy.extensions.logstats] INFO: Crawled 853 pages (at 853 pages/min), scraped 2096 items (at 2096 items/min)
2021-06-07 01:10:23 [scrapy.extensions.logstats] INFO: Crawled 1475 pages (at 622 pages/min), scraped 4190 items (at 2094 items/min)
2021-06-07 01:11:23 [scrapy.extensions.logstats] INFO: Crawled 1939 pages (at 464 pages/min), scraped 5030 items (at 840 items/min)
2021-06-07 01:12:23 [scrapy.extensions.logstats] INFO: Crawled 2359 pages (at 420 pages/min), scraped 6847 items (at 1817 items/min)
2021-06-07 01:42:59 [scrapy.extensions.logstats] INFO: Crawled 2612 pages (at 253 pages/min), scraped 7877 items (at 1030 items/min)
2021-06-07 01:43:23 [scrapy.extensions.logstats] INFO: Crawled 2732 pages (at 120 pages/min), scraped 7932 items (at 55 items/min)
2021-06-07 01:44:23 [scrapy.extensions.logstats] INFO: Crawled 3028 pages (at 296 pages/min), scraped 8677 items (at 745 items/min)
2021-06-07 01:45:23 [scrapy.extensions.logstats] INFO: Crawled 3308 pages (at 280 pages/min), scraped 9620 items (at 943 items/min)
2021-06-07 01:46:23 [scrapy.extensions.logstats] INFO: Crawled 3613 pages (at 305 pages/min), scraped 11245 items (at 1625 items/min)
2021-06-07 01:47:23 [scrapy.extensions.logstats] INFO: Crawled 3963 pages (at 350 pages/min), scraped 12508 items (at 1263 items/min)
2021-06-07 01:48:23 [scrapy.extensions.logstats] INFO: Crawled 4271 pages (at 308 pages/min), scraped 13495 items (at 987 items/min)
2021-06-07 01:49:23 [scrapy.extensions.logstats] INFO: Crawled 4627 pages (at 356 pages/min), scraped 13957 items (at 462 items/min)
2021-06-07 01:50:23 [scrapy.extensions.logstats] INFO: Crawled 4990 pages (at 363 pages/min), scraped 15232 items (at 1275 items/min)
2021-06-07 01:51:23 [scrapy.extensions.logstats] INFO: Crawled 5326 pages (at 336 pages/min), scraped 16444 items (at 1212 items/min)
2021-06-07 01:52:23 [scrapy.extensions.logstats] INFO: Crawled 5699 pages (at 373 pages/min), scraped 17905 items (at 1461 items/min)
2021-06-07 01:53:23 [scrapy.extensions.logstats] INFO: Crawled 6059 pages (at 360 pages/min), scraped 19100 items (at 1195 items/min)
2021-06-07 01:54:23 [scrapy.extensions.logstats] INFO: Crawled 6546 pages (at 487 pages/min), scraped 20485 items (at 1385 items/min)
2021-06-07 01:55:23 [scrapy.extensions.logstats] INFO: Crawled 6941 pages (at 395 pages/min), scraped 22286 items (at 1801 items/min)
2021-06-07 01:56:23 [scrapy.extensions.logstats] INFO: Crawled 7380 pages (at 439 pages/min), scraped 23697 items (at 1411 items/min)
2021-06-07 01:57:23 [scrapy.extensions.logstats] INFO: Crawled 7766 pages (at 386 pages/min), scraped 25327 items (at 1630 items/min)
2021-06-07 01:58:23 [scrapy.extensions.logstats] INFO: Crawled 8179 pages (at 413 pages/min), scraped 26695 items (at 1368 items/min)
2021-06-07 01:59:23 [scrapy.extensions.logstats] INFO: Crawled 8599 pages (at 420 pages/min), scraped 28627 items (at 1932 items/min)
2021-06-07 02:00:23 [scrapy.extensions.logstats] INFO: Crawled 9018 pages (at 419 pages/min), scraped 29552 items (at 925 items/min)
2021-06-07 02:01:23 [scrapy.extensions.logstats] INFO: Crawled 9373 pages (at 355 pages/min), scraped 32301 items (at 2749 items/min)
2021-06-07 02:02:23 [scrapy.extensions.logstats] INFO: Crawled 9712 pages (at 339 pages/min), scraped 33182 items (at 881 items/min)
2021-06-07 02:03:23 [scrapy.extensions.logstats] INFO: Crawled 10049 pages (at 337 pages/min), scraped 34212 items (at 1030 items/min)
2021-06-07 02:04:23 [scrapy.extensions.logstats] INFO: Crawled 10380 pages (at 331 pages/min), scraped 35429 items (at 1217 items/min)
2021-06-07 02:05:23 [scrapy.extensions.logstats] INFO: Crawled 10736 pages (at 356 pages/min), scraped 37200 items (at 1771 items/min)
2021-06-07 02:06:23 [scrapy.extensions.logstats] INFO: Crawled 11111 pages (at 375 pages/min), scraped 39249 items (at 2049 items/min)
2021-06-07 02:07:23 [scrapy.extensions.logstats] INFO: Crawled 11490 pages (at 379 pages/min), scraped 40006 items (at 757 items/min)
2021-06-07 02:08:23 [scrapy.extensions.logstats] INFO: Crawled 11875 pages (at 385 pages/min), scraped 40541 items (at 535 items/min)
2021-06-07 02:09:23 [scrapy.extensions.logstats] INFO: Crawled 12307 pages (at 432 pages/min), scraped 42103 items (at 1562 items/min)
2021-06-07 02:10:23 [scrapy.extensions.logstats] INFO: Crawled 12708 pages (at 401 pages/min), scraped 44240 items (at 2137 items/min)
2021-06-07 02:11:23 [scrapy.extensions.logstats] INFO: Crawled 13062 pages (at 354 pages/min), scraped 45137 items (at 897 items/min)
2021-06-07 02:12:23 [scrapy.extensions.logstats] INFO: Crawled 13455 pages (at 393 pages/min), scraped 46241 items (at 1104 items/min)
2021-06-07 02:37:30 [scrapy.extensions.logstats] INFO: Crawled 13740 pages (at 285 pages/min), scraped 47801 items (at 1560 items/min)
2021-06-07 02:38:23 [scrapy.extensions.logstats] INFO: Crawled 13858 pages (at 118 pages/min), scraped 47801 items (at 0 items/min)
2021-06-07 02:39:23 [scrapy.extensions.logstats] INFO: Crawled 14088 pages (at 230 pages/min), scraped 47892 items (at 91 items/min)
2021-06-07 02:40:23 [scrapy.extensions.logstats] INFO: Crawled 14388 pages (at 300 pages/min), scraped 49146 items (at 1254 items/min)
2021-06-07 02:41:23 [scrapy.extensions.logstats] INFO: Crawled 14727 pages (at 339 pages/min), scraped 51270 items (at 2124 items/min)
2021-06-07 02:42:23 [scrapy.extensions.logstats] INFO: Crawled 15095 pages (at 368 pages/min), scraped 52301 items (at 1031 items/min)
2021-06-07 02:43:23 [scrapy.extensions.logstats] INFO: Crawled 15507 pages (at 412 pages/min), scraped 54072 items (at 1771 items/min)
2021-06-07 02:44:23 [scrapy.extensions.logstats] INFO: Crawled 15897 pages (at 390 pages/min), scraped 54894 items (at 822 items/min)
2021-06-07 02:45:23 [scrapy.extensions.logstats] INFO: Crawled 16306 pages (at 409 pages/min), scraped 56115 items (at 1221 items/min)
2021-06-07 02:46:23 [scrapy.extensions.logstats] INFO: Crawled 16688 pages (at 382 pages/min), scraped 58398 items (at 2283 items/min)
2021-06-07 02:47:23 [scrapy.extensions.logstats] INFO: Crawled 17114 pages (at 426 pages/min), scraped 60641 items (at 2243 items/min)
2021-06-07 02:48:23 [scrapy.extensions.logstats] INFO: Crawled 17466 pages (at 352 pages/min), scraped 61520 items (at 879 items/min)
2021-06-07 02:49:23 [scrapy.extensions.logstats] INFO: Crawled 17871 pages (at 405 pages/min), scraped 63256 items (at 1736 items/min)
2021-06-07 02:50:23 [scrapy.extensions.logstats] INFO: Crawled 18261 pages (at 390 pages/min), scraped 64841 items (at 1585 items/min)
2021-06-07 02:51:23 [scrapy.extensions.logstats] INFO: Crawled 18606 pages (at 345 pages/min), scraped 65097 items (at 256 items/min)
2021-06-07 02:52:23 [scrapy.extensions.logstats] INFO: Crawled 19009 pages (at 403 pages/min), scraped 66056 items (at 959 items/min)
2021-06-07 02:53:23 [scrapy.extensions.logstats] INFO: Crawled 19370 pages (at 361 pages/min), scraped 69034 items (at 2978 items/min)
2021-06-07 02:54:23 [scrapy.extensions.logstats] INFO: Crawled 19758 pages (at 388 pages/min), scraped 69958 items (at 924 items/min)
2021-06-07 02:55:23 [scrapy.extensions.logstats] INFO: Crawled 20167 pages (at 409 pages/min), scraped 71414 items (at 1456 items/min)
2021-06-07 02:56:23 [scrapy.extensions.logstats] INFO: Crawled 20545 pages (at 378 pages/min), scraped 73970 items (at 2556 items/min)
2021-06-07 02:57:23 [scrapy.extensions.logstats] INFO: Crawled 20884 pages (at 339 pages/min), scraped 75065 items (at 1095 items/min)
2021-06-07 02:58:23 [scrapy.extensions.logstats] INFO: Crawled 21235 pages (at 351 pages/min), scraped 76108 items (at 1043 items/min)
2021-06-07 02:59:23 [scrapy.extensions.logstats] INFO: Crawled 21624 pages (at 389 pages/min), scraped 77562 items (at 1454 items/min)
2021-06-07 03:00:23 [scrapy.extensions.logstats] INFO: Crawled 22055 pages (at 431 pages/min), scraped 78691 items (at 1129 items/min)
2021-06-07 03:01:23 [scrapy.extensions.logstats] INFO: Crawled 22537 pages (at 482 pages/min), scraped 80629 items (at 1938 items/min)
2021-06-07 03:02:23 [scrapy.extensions.logstats] INFO: Crawled 22899 pages (at 362 pages/min), scraped 82211 items (at 1582 items/min)
2021-06-07 03:03:23 [scrapy.extensions.logstats] INFO: Crawled 23249 pages (at 350 pages/min), scraped 83507 items (at 1296 items/min)
2021-06-07 03:04:23 [scrapy.extensions.logstats] INFO: Crawled 23668 pages (at 419 pages/min), scraped 84097 items (at 590 items/min)
2021-06-07 03:05:23 [scrapy.extensions.logstats] INFO: Crawled 24106 pages (at 438 pages/min), scraped 86172 items (at 2075 items/min)
2021-06-07 03:06:23 [scrapy.extensions.logstats] INFO: Crawled 24519 pages (at 413 pages/min), scraped 87213 items (at 1041 items/min)
2021-06-07 03:07:23 [scrapy.extensions.logstats] INFO: Crawled 24882 pages (at 363 pages/min), scraped 88234 items (at 1021 items/min)
2021-06-07 03:08:23 [scrapy.extensions.logstats] INFO: Crawled 25231 pages (at 349 pages/min), scraped 89023 items (at 789 items/min)
2021-06-07 03:09:23 [scrapy.extensions.logstats] INFO: Crawled 25674 pages (at 443 pages/min), scraped 89964 items (at 941 items/min)
2021-06-07 03:10:23 [scrapy.extensions.logstats] INFO: Crawled 26082 pages (at 408 pages/min), scraped 91465 items (at 1501 items/min)
2021-06-07 03:11:23 [scrapy.extensions.logstats] INFO: Crawled 26461 pages (at 379 pages/min), scraped 91776 items (at 311 items/min)
2021-06-07 03:12:23 [scrapy.extensions.logstats] INFO: Crawled 26889 pages (at 428 pages/min), scraped 93386 items (at 1610 items/min)
2021-06-07 03:28:09 [scrapy.extensions.logstats] INFO: Crawled 27162 pages (at 273 pages/min), scraped 93907 items (at 521 items/min)
2021-06-07 03:28:23 [scrapy.extensions.logstats] INFO: Crawled 27240 pages (at 78 pages/min), scraped 93962 items (at 55 items/min)
2021-06-07 03:29:23 [scrapy.extensions.logstats] INFO: Crawled 27562 pages (at 322 pages/min), scraped 95384 items (at 1422 items/min)
2021-06-07 03:30:23 [scrapy.extensions.logstats] INFO: Crawled 27963 pages (at 401 pages/min), scraped 97266 items (at 1882 items/min)
2021-06-07 03:31:23 [scrapy.extensions.logstats] INFO: Crawled 28339 pages (at 376 pages/min), scraped 97759 items (at 493 items/min)
2021-06-07 03:32:23 [scrapy.extensions.logstats] INFO: Crawled 28743 pages (at 404 pages/min), scraped 99821 items (at 2062 items/min)
2021-06-07 03:33:23 [scrapy.extensions.logstats] INFO: Crawled 29134 pages (at 391 pages/min), scraped 100779 items (at 958 items/min)
2021-06-07 03:34:23 [scrapy.extensions.logstats] INFO: Crawled 29517 pages (at 383 pages/min), scraped 104116 items (at 3337 items/min)
2021-06-07 03:35:23 [scrapy.extensions.logstats] INFO: Crawled 29965 pages (at 448 pages/min), scraped 105525 items (at 1409 items/min)
2021-06-07 03:36:23 [scrapy.extensions.logstats] INFO: Crawled 30358 pages (at 393 pages/min), scraped 106855 items (at 1330 items/min)
2021-06-07 03:37:23 [scrapy.extensions.logstats] INFO: Crawled 30737 pages (at 379 pages/min), scraped 107844 items (at 989 items/min)
2021-06-07 03:38:23 [scrapy.extensions.logstats] INFO: Crawled 31053 pages (at 316 pages/min), scraped 108313 items (at 469 items/min)
2021-06-07 03:39:23 [scrapy.extensions.logstats] INFO: Crawled 31379 pages (at 326 pages/min), scraped 108668 items (at 355 items/min)
2021-06-07 03:40:23 [scrapy.extensions.logstats] INFO: Crawled 31721 pages (at 342 pages/min), scraped 109443 items (at 775 items/min)
2021-06-07 03:41:23 [scrapy.extensions.logstats] INFO: Crawled 32127 pages (at 406 pages/min), scraped 110819 items (at 1376 items/min)
2021-06-07 04:43:35 [scrapy.extensions.logstats] INFO: Crawled 32240 pages (at 113 pages/min), scraped 110819 items (at 0 items/min)
2021-06-07 04:44:23 [scrapy.extensions.logstats] INFO: Crawled 32492 pages (at 252 pages/min), scraped 112774 items (at 1955 items/min)
2021-06-07 05:06:33 [scrapy.extensions.logstats] INFO: Crawled 32502 pages (at 10 pages/min), scraped 112906 items (at 132 items/min)
2021-06-07 05:07:23 [scrapy.extensions.logstats] INFO: Crawled 32663 pages (at 161 pages/min), scraped 113034 items (at 128 items/min)
2021-06-07 05:12:53 [scrapy.extensions.logstats] INFO: Crawled 32667 pages (at 4 pages/min), scraped 113101 items (at 67 items/min)
2021-06-07 05:13:23 [scrapy.extensions.logstats] INFO: Crawled 32804 pages (at 137 pages/min), scraped 113508 items (at 407 items/min)
2021-06-07 05:14:23 [scrapy.extensions.logstats] INFO: Crawled 33067 pages (at 263 pages/min), scraped 113772 items (at 264 items/min)
2021-06-07 06:28:50 [scrapy.extensions.logstats] INFO: Crawled 33131 pages (at 64 pages/min), scraped 113804 items (at 32 items/min)
2021-06-07 06:29:23 [scrapy.extensions.logstats] INFO: Crawled 33263 pages (at 132 pages/min), scraped 114602 items (at 798 items/min)
2021-06-07 06:46:59 [scrapy.extensions.logstats] INFO: Crawled 33331 pages (at 68 pages/min), scraped 115009 items (at 407 items/min)
2021-06-07 06:47:23 [scrapy.extensions.logstats] INFO: Crawled 33418 pages (at 87 pages/min), scraped 115559 items (at 550 items/min)
2021-06-07 08:30:01 [scrapy.extensions.logstats] INFO: Crawled 33599 pages (at 181 pages/min), scraped 116101 items (at 542 items/min)
2021-06-07 08:30:23 [scrapy.extensions.logstats] INFO: Crawled 33684 pages (at 85 pages/min), scraped 116372 items (at 271 items/min)
2021-06-07 08:31:23 [scrapy.extensions.logstats] INFO: Crawled 33917 pages (at 233 pages/min), scraped 116753 items (at 381 items/min)
2021-06-07 08:32:23 [scrapy.extensions.logstats] INFO: Crawled 34218 pages (at 301 pages/min), scraped 117614 items (at 861 items/min)
2021-06-07 08:33:23 [scrapy.extensions.logstats] INFO: Crawled 34576 pages (at 358 pages/min), scraped 118677 items (at 1063 items/min)
2021-06-07 08:34:23 [scrapy.extensions.logstats] INFO: Crawled 34939 pages (at 363 pages/min), scraped 119879 items (at 1202 items/min)
2021-06-07 08:35:23 [scrapy.extensions.logstats] INFO: Crawled 35305 pages (at 366 pages/min), scraped 121661 items (at 1782 items/min)
2021-06-07 08:36:23 [scrapy.extensions.logstats] INFO: Crawled 35715 pages (at 410 pages/min), scraped 123183 items (at 1522 items/min)
2021-06-07 08:37:23 [scrapy.extensions.logstats] INFO: Crawled 36147 pages (at 432 pages/min), scraped 124772 items (at 1589 items/min)
2021-06-07 08:38:23 [scrapy.extensions.logstats] INFO: Crawled 36489 pages (at 342 pages/min), scraped 125393 items (at 621 items/min)
2021-06-07 08:39:23 [scrapy.extensions.logstats] INFO: Crawled 36863 pages (at 374 pages/min), scraped 127520 items (at 2127 items/min)
2021-06-07 08:40:23 [scrapy.extensions.logstats] INFO: Crawled 37210 pages (at 347 pages/min), scraped 128822 items (at 1302 items/min)
2021-06-07 08:41:23 [scrapy.extensions.logstats] INFO: Crawled 37591 pages (at 381 pages/min), scraped 129865 items (at 1043 items/min)
2021-06-07 08:42:23 [scrapy.extensions.logstats] INFO: Crawled 37955 pages (at 364 pages/min), scraped 130178 items (at 313 items/min)
2021-06-07 08:43:23 [scrapy.extensions.logstats] INFO: Crawled 38369 pages (at 414 pages/min), scraped 130977 items (at 799 items/min)
2021-06-07 08:44:23 [scrapy.extensions.logstats] INFO: Crawled 38734 pages (at 365 pages/min), scraped 131806 items (at 829 items/min)
2021-06-07 08:45:23 [scrapy.extensions.logstats] INFO: Crawled 39125 pages (at 391 pages/min), scraped 132661 items (at 855 items/min)
2021-06-07 08:46:23 [scrapy.extensions.logstats] INFO: Crawled 39498 pages (at 373 pages/min), scraped 133413 items (at 752 items/min)
2021-06-07 08:47:23 [scrapy.extensions.logstats] INFO: Crawled 39874 pages (at 376 pages/min), scraped 134903 items (at 1490 items/min)
2021-06-07 08:48:23 [scrapy.extensions.logstats] INFO: Crawled 40256 pages (at 382 pages/min), scraped 136538 items (at 1635 items/min)
2021-06-07 08:49:23 [scrapy.extensions.logstats] INFO: Crawled 40656 pages (at 400 pages/min), scraped 137743 items (at 1205 items/min)
2021-06-07 08:50:23 [scrapy.extensions.logstats] INFO: Crawled 41013 pages (at 357 pages/min), scraped 139567 items (at 1824 items/min)
2021-06-07 08:51:23 [scrapy.extensions.logstats] INFO: Crawled 41430 pages (at 417 pages/min), scraped 141178 items (at 1611 items/min)
2021-06-07 08:52:23 [scrapy.extensions.logstats] INFO: Crawled 41920 pages (at 490 pages/min), scraped 143378 items (at 2200 items/min)
2021-06-07 08:53:23 [scrapy.extensions.logstats] INFO: Crawled 42337 pages (at 417 pages/min), scraped 145001 items (at 1623 items/min)
2021-06-07 08:54:23 [scrapy.extensions.logstats] INFO: Crawled 42775 pages (at 438 pages/min), scraped 146475 items (at 1474 items/min)
2021-06-07 08:55:23 [scrapy.extensions.logstats] INFO: Crawled 43161 pages (at 386 pages/min), scraped 147205 items (at 730 items/min)
2021-06-07 08:56:23 [scrapy.extensions.logstats] INFO: Crawled 43569 pages (at 408 pages/min), scraped 149118 items (at 1913 items/min)
2021-06-07 08:57:23 [scrapy.extensions.logstats] INFO: Crawled 43975 pages (at 406 pages/min), scraped 150269 items (at 1151 items/min)
2021-06-07 08:58:23 [scrapy.extensions.logstats] INFO: Crawled 44390 pages (at 415 pages/min), scraped 152509 items (at 2240 items/min)
2021-06-07 08:59:23 [scrapy.extensions.logstats] INFO: Crawled 44802 pages (at 412 pages/min), scraped 154244 items (at 1735 items/min)
2021-06-07 09:00:23 [scrapy.extensions.logstats] INFO: Crawled 45200 pages (at 398 pages/min), scraped 155618 items (at 1374 items/min)
2021-06-07 09:01:23 [scrapy.extensions.logstats] INFO: Crawled 45645 pages (at 445 pages/min), scraped 157023 items (at 1405 items/min)
2021-06-07 09:02:23 [scrapy.extensions.logstats] INFO: Crawled 46068 pages (at 423 pages/min), scraped 157764 items (at 741 items/min)
2021-06-07 09:03:23 [scrapy.extensions.logstats] INFO: Crawled 46459 pages (at 391 pages/min), scraped 158806 items (at 1042 items/min)
2021-06-07 09:04:23 [scrapy.extensions.logstats] INFO: Crawled 46868 pages (at 409 pages/min), scraped 159516 items (at 710 items/min)
2021-06-07 09:05:23 [scrapy.extensions.logstats] INFO: Crawled 47307 pages (at 439 pages/min), scraped 162172 items (at 2656 items/min)
2021-06-07 09:06:23 [scrapy.extensions.logstats] INFO: Crawled 47745 pages (at 438 pages/min), scraped 165708 items (at 3536 items/min)
2021-06-07 09:07:23 [scrapy.extensions.logstats] INFO: Crawled 48196 pages (at 451 pages/min), scraped 167350 items (at 1642 items/min)
2021-06-07 09:08:23 [scrapy.extensions.logstats] INFO: Crawled 48615 pages (at 419 pages/min), scraped 168936 items (at 1586 items/min)
2021-06-07 09:09:23 [scrapy.extensions.logstats] INFO: Crawled 48982 pages (at 367 pages/min), scraped 171408 items (at 2472 items/min)
2021-06-07 09:10:23 [scrapy.extensions.logstats] INFO: Crawled 49363 pages (at 381 pages/min), scraped 173398 items (at 1990 items/min)
2021-06-07 09:11:23 [scrapy.extensions.logstats] INFO: Crawled 49759 pages (at 396 pages/min), scraped 175991 items (at 2593 items/min)
2021-06-07 09:12:23 [scrapy.extensions.logstats] INFO: Crawled 50134 pages (at 375 pages/min), scraped 177641 items (at 1650 items/min)
2021-06-07 09:13:23 [scrapy.extensions.logstats] INFO: Crawled 50513 pages (at 379 pages/min), scraped 179308 items (at 1667 items/min)
2021-06-07 09:14:23 [scrapy.extensions.logstats] INFO: Crawled 50904 pages (at 391 pages/min), scraped 180247 items (at 939 items/min)
2021-06-07 09:15:23 [scrapy.extensions.logstats] INFO: Crawled 51256 pages (at 352 pages/min), scraped 180744 items (at 497 items/min)
2021-06-07 09:16:23 [scrapy.extensions.logstats] INFO: Crawled 51676 pages (at 420 pages/min), scraped 183317 items (at 2573 items/min)
2021-06-07 09:17:23 [scrapy.extensions.logstats] INFO: Crawled 52085 pages (at 409 pages/min), scraped 184890 items (at 1573 items/min)
2021-06-07 09:18:23 [scrapy.extensions.logstats] INFO: Crawled 52492 pages (at 407 pages/min), scraped 186395 items (at 1505 items/min)
2021-06-07 09:19:23 [scrapy.extensions.logstats] INFO: Crawled 52888 pages (at 396 pages/min), scraped 188340 items (at 1945 items/min)
2021-06-07 09:20:23 [scrapy.extensions.logstats] INFO: Crawled 53244 pages (at 356 pages/min), scraped 189838 items (at 1498 items/min)
2021-06-07 09:21:23 [scrapy.extensions.logstats] INFO: Crawled 53635 pages (at 391 pages/min), scraped 191685 items (at 1847 items/min)
2021-06-07 09:22:23 [scrapy.extensions.logstats] INFO: Crawled 54051 pages (at 416 pages/min), scraped 193599 items (at 1914 items/min)
2021-06-07 09:23:23 [scrapy.extensions.logstats] INFO: Crawled 54433 pages (at 382 pages/min), scraped 194846 items (at 1247 items/min)
2021-06-07 09:24:23 [scrapy.extensions.logstats] INFO: Crawled 54846 pages (at 413 pages/min), scraped 195512 items (at 666 items/min)
2021-06-07 09:25:23 [scrapy.extensions.logstats] INFO: Crawled 55303 pages (at 457 pages/min), scraped 196856 items (at 1344 items/min)
2021-06-07 09:26:23 [scrapy.extensions.logstats] INFO: Crawled 55718 pages (at 415 pages/min), scraped 197616 items (at 760 items/min)
2021-06-07 09:27:23 [scrapy.extensions.logstats] INFO: Crawled 56082 pages (at 364 pages/min), scraped 199794 items (at 2178 items/min)
2021-06-07 09:28:23 [scrapy.extensions.logstats] INFO: Crawled 56495 pages (at 413 pages/min), scraped 200571 items (at 777 items/min)
2021-06-07 09:29:23 [scrapy.extensions.logstats] INFO: Crawled 56893 pages (at 398 pages/min), scraped 202358 items (at 1787 items/min)
2021-06-07 09:30:23 [scrapy.extensions.logstats] INFO: Crawled 57198 pages (at 305 pages/min), scraped 203500 items (at 1142 items/min)
2021-06-07 09:31:23 [scrapy.extensions.logstats] INFO: Crawled 57601 pages (at 403 pages/min), scraped 204841 items (at 1341 items/min)
2021-06-07 09:32:23 [scrapy.extensions.logstats] INFO: Crawled 58027 pages (at 426 pages/min), scraped 205936 items (at 1095 items/min)
2021-06-07 09:33:23 [scrapy.extensions.logstats] INFO: Crawled 58500 pages (at 473 pages/min), scraped 207689 items (at 1753 items/min)
2021-06-07 09:34:23 [scrapy.extensions.logstats] INFO: Crawled 58943 pages (at 443 pages/min), scraped 209667 items (at 1978 items/min)
2021-06-07 09:35:23 [scrapy.extensions.logstats] INFO: Crawled 59282 pages (at 339 pages/min), scraped 210582 items (at 915 items/min)
2021-06-07 09:36:23 [scrapy.extensions.logstats] INFO: Crawled 59657 pages (at 375 pages/min), scraped 212475 items (at 1893 items/min)
2021-06-07 09:37:23 [scrapy.extensions.logstats] INFO: Crawled 60027 pages (at 370 pages/min), scraped 213361 items (at 886 items/min)
2021-06-07 09:38:23 [scrapy.extensions.logstats] INFO: Crawled 60447 pages (at 420 pages/min), scraped 215747 items (at 2386 items/min)
2021-06-07 09:39:23 [scrapy.extensions.logstats] INFO: Crawled 60838 pages (at 391 pages/min), scraped 218917 items (at 3170 items/min)
2021-06-07 09:40:23 [scrapy.extensions.logstats] INFO: Crawled 61230 pages (at 392 pages/min), scraped 220661 items (at 1744 items/min)
2021-06-07 09:41:23 [scrapy.extensions.logstats] INFO: Crawled 61615 pages (at 385 pages/min), scraped 221708 items (at 1047 items/min)
2021-06-07 09:42:23 [scrapy.extensions.logstats] INFO: Crawled 62014 pages (at 399 pages/min), scraped 223984 items (at 2276 items/min)
2021-06-07 09:43:23 [scrapy.extensions.logstats] INFO: Crawled 62386 pages (at 372 pages/min), scraped 225758 items (at 1774 items/min)
2021-06-07 09:44:23 [scrapy.extensions.logstats] INFO: Crawled 62790 pages (at 404 pages/min), scraped 228130 items (at 2372 items/min)
2021-06-07 09:45:23 [scrapy.extensions.logstats] INFO: Crawled 63119 pages (at 329 pages/min), scraped 228800 items (at 670 items/min)
2021-06-07 09:46:23 [scrapy.extensions.logstats] INFO: Crawled 63442 pages (at 323 pages/min), scraped 229435 items (at 635 items/min)
2021-06-07 09:47:23 [scrapy.extensions.logstats] INFO: Crawled 63769 pages (at 327 pages/min), scraped 231047 items (at 1612 items/min)
2021-06-07 09:48:23 [scrapy.extensions.logstats] INFO: Crawled 64181 pages (at 412 pages/min), scraped 233302 items (at 2255 items/min)
2021-06-07 09:49:23 [scrapy.extensions.logstats] INFO: Crawled 64609 pages (at 428 pages/min), scraped 235762 items (at 2460 items/min)
2021-06-07 09:50:23 [scrapy.extensions.logstats] INFO: Crawled 64990 pages (at 381 pages/min), scraped 237002 items (at 1240 items/min)
2021-06-07 09:51:23 [scrapy.extensions.logstats] INFO: Crawled 65346 pages (at 356 pages/min), scraped 238200 items (at 1198 items/min)
2021-06-07 09:52:23 [scrapy.extensions.logstats] INFO: Crawled 65768 pages (at 422 pages/min), scraped 239996 items (at 1796 items/min)
2021-06-07 09:53:23 [scrapy.extensions.logstats] INFO: Crawled 66164 pages (at 396 pages/min), scraped 242072 items (at 2076 items/min)
2021-06-07 09:54:23 [scrapy.extensions.logstats] INFO: Crawled 66565 pages (at 401 pages/min), scraped 244350 items (at 2278 items/min)
2021-06-07 09:55:23 [scrapy.extensions.logstats] INFO: Crawled 66940 pages (at 375 pages/min), scraped 246002 items (at 1652 items/min)
2021-06-07 09:56:23 [scrapy.extensions.logstats] INFO: Crawled 67352 pages (at 412 pages/min), scraped 247747 items (at 1745 items/min)
2021-06-07 09:57:23 [scrapy.extensions.logstats] INFO: Crawled 67743 pages (at 391 pages/min), scraped 248876 items (at 1129 items/min)
2021-06-07 09:58:23 [scrapy.extensions.logstats] INFO: Crawled 68144 pages (at 401 pages/min), scraped 250982 items (at 2106 items/min)
2021-06-07 09:59:23 [scrapy.extensions.logstats] INFO: Crawled 68519 pages (at 375 pages/min), scraped 252956 items (at 1974 items/min)
2021-06-07 10:00:23 [scrapy.extensions.logstats] INFO: Crawled 68888 pages (at 369 pages/min), scraped 254109 items (at 1153 items/min)
2021-06-07 10:01:23 [scrapy.extensions.logstats] INFO: Crawled 69234 pages (at 346 pages/min), scraped 255164 items (at 1055 items/min)
2021-06-07 10:02:23 [scrapy.extensions.logstats] INFO: Crawled 69608 pages (at 374 pages/min), scraped 258005 items (at 2841 items/min)
2021-06-07 10:03:23 [scrapy.extensions.logstats] INFO: Crawled 69957 pages (at 349 pages/min), scraped 259195 items (at 1190 items/min)
2021-06-07 10:04:23 [scrapy.extensions.logstats] INFO: Crawled 70387 pages (at 430 pages/min), scraped 261123 items (at 1928 items/min)
2021-06-07 10:05:23 [scrapy.extensions.logstats] INFO: Crawled 70769 pages (at 382 pages/min), scraped 262586 items (at 1463 items/min)
2021-06-07 10:06:23 [scrapy.extensions.logstats] INFO: Crawled 71132 pages (at 363 pages/min), scraped 265057 items (at 2471 items/min)
2021-06-07 10:07:23 [scrapy.extensions.logstats] INFO: Crawled 71472 pages (at 340 pages/min), scraped 266216 items (at 1159 items/min)
2021-06-07 10:08:23 [scrapy.extensions.logstats] INFO: Crawled 71807 pages (at 335 pages/min), scraped 267587 items (at 1371 items/min)
2021-06-07 10:09:23 [scrapy.extensions.logstats] INFO: Crawled 72221 pages (at 414 pages/min), scraped 268865 items (at 1278 items/min)
2021-06-07 10:10:23 [scrapy.extensions.logstats] INFO: Crawled 72544 pages (at 323 pages/min), scraped 270821 items (at 1956 items/min)
2021-06-07 10:11:23 [scrapy.extensions.logstats] INFO: Crawled 72951 pages (at 407 pages/min), scraped 272341 items (at 1520 items/min)
2021-06-07 10:12:23 [scrapy.extensions.logstats] INFO: Crawled 73342 pages (at 391 pages/min), scraped 274373 items (at 2032 items/min)
2021-06-07 10:13:23 [scrapy.extensions.logstats] INFO: Crawled 73751 pages (at 409 pages/min), scraped 276086 items (at 1713 items/min)
2021-06-07 10:14:23 [scrapy.extensions.logstats] INFO: Crawled 74189 pages (at 438 pages/min), scraped 278674 items (at 2588 items/min)
2021-06-07 10:15:23 [scrapy.extensions.logstats] INFO: Crawled 74502 pages (at 313 pages/min), scraped 280219 items (at 1545 items/min)
2021-06-07 10:16:23 [scrapy.extensions.logstats] INFO: Crawled 74828 pages (at 326 pages/min), scraped 281551 items (at 1332 items/min)
2021-06-07 10:17:23 [scrapy.extensions.logstats] INFO: Crawled 75168 pages (at 340 pages/min), scraped 284129 items (at 2578 items/min)
2021-06-07 10:18:23 [scrapy.extensions.logstats] INFO: Crawled 75536 pages (at 368 pages/min), scraped 286067 items (at 1938 items/min)
2021-06-07 10:19:23 [scrapy.extensions.logstats] INFO: Crawled 75941 pages (at 405 pages/min), scraped 287177 items (at 1110 items/min)
2021-06-07 10:20:23 [scrapy.extensions.logstats] INFO: Crawled 76323 pages (at 382 pages/min), scraped 288586 items (at 1409 items/min)
2021-06-07 10:21:23 [scrapy.extensions.logstats] INFO: Crawled 76716 pages (at 393 pages/min), scraped 289733 items (at 1147 items/min)
2021-06-07 10:22:23 [scrapy.extensions.logstats] INFO: Crawled 77167 pages (at 451 pages/min), scraped 293688 items (at 3955 items/min)
2021-06-07 10:23:23 [scrapy.extensions.logstats] INFO: Crawled 77580 pages (at 413 pages/min), scraped 296550 items (at 2862 items/min)
2021-06-07 10:24:23 [scrapy.extensions.logstats] INFO: Crawled 77961 pages (at 381 pages/min), scraped 298013 items (at 1463 items/min)
2021-06-07 10:25:23 [scrapy.extensions.logstats] INFO: Crawled 78362 pages (at 401 pages/min), scraped 300916 items (at 2903 items/min)
2021-06-07 10:26:23 [scrapy.extensions.logstats] INFO: Crawled 78768 pages (at 406 pages/min), scraped 302353 items (at 1437 items/min)
2021-06-07 10:27:23 [scrapy.extensions.logstats] INFO: Crawled 79180 pages (at 412 pages/min), scraped 303402 items (at 1049 items/min)
2021-06-07 10:28:23 [scrapy.extensions.logstats] INFO: Crawled 79588 pages (at 408 pages/min), scraped 305672 items (at 2270 items/min)
2021-06-07 10:29:23 [scrapy.extensions.logstats] INFO: Crawled 79980 pages (at 392 pages/min), scraped 306460 items (at 788 items/min)
2021-06-07 10:30:23 [scrapy.extensions.logstats] INFO: Crawled 80342 pages (at 362 pages/min), scraped 307980 items (at 1520 items/min)
2021-06-07 10:31:23 [scrapy.extensions.logstats] INFO: Crawled 80726 pages (at 384 pages/min), scraped 309521 items (at 1541 items/min)
2021-06-07 10:32:23 [scrapy.extensions.logstats] INFO: Crawled 81148 pages (at 422 pages/min), scraped 312426 items (at 2905 items/min)
2021-06-07 10:33:23 [scrapy.extensions.logstats] INFO: Crawled 81515 pages (at 367 pages/min), scraped 313862 items (at 1436 items/min)
2021-06-07 10:34:23 [scrapy.extensions.logstats] INFO: Crawled 81959 pages (at 444 pages/min), scraped 315446 items (at 1584 items/min)
2021-06-07 10:35:23 [scrapy.extensions.logstats] INFO: Crawled 82354 pages (at 395 pages/min), scraped 317491 items (at 2045 items/min)
2021-06-07 10:36:23 [scrapy.extensions.logstats] INFO: Crawled 82819 pages (at 465 pages/min), scraped 319915 items (at 2424 items/min)
2021-06-07 10:37:23 [scrapy.extensions.logstats] INFO: Crawled 83275 pages (at 456 pages/min), scraped 322460 items (at 2545 items/min)
2021-06-07 10:38:23 [scrapy.extensions.logstats] INFO: Crawled 83702 pages (at 427 pages/min), scraped 323691 items (at 1231 items/min)
2021-06-07 10:39:23 [scrapy.extensions.logstats] INFO: Crawled 84109 pages (at 407 pages/min), scraped 325905 items (at 2214 items/min)
2021-06-07 10:40:23 [scrapy.extensions.logstats] INFO: Crawled 84524 pages (at 415 pages/min), scraped 328049 items (at 2144 items/min)
2021-06-07 10:41:23 [scrapy.extensions.logstats] INFO: Crawled 84934 pages (at 410 pages/min), scraped 330627 items (at 2578 items/min)
2021-06-07 10:42:23 [scrapy.extensions.logstats] INFO: Crawled 85351 pages (at 417 pages/min), scraped 332622 items (at 1995 items/min)
2021-06-07 10:43:23 [scrapy.extensions.logstats] INFO: Crawled 85780 pages (at 429 pages/min), scraped 334670 items (at 2048 items/min)
2021-06-07 10:44:23 [scrapy.extensions.logstats] INFO: Crawled 86177 pages (at 397 pages/min), scraped 336205 items (at 1535 items/min)
2021-06-07 10:45:23 [scrapy.extensions.logstats] INFO: Crawled 86626 pages (at 449 pages/min), scraped 338621 items (at 2416 items/min)
2021-06-07 10:46:23 [scrapy.extensions.logstats] INFO: Crawled 87064 pages (at 438 pages/min), scraped 340855 items (at 2234 items/min)
2021-06-07 10:47:23 [scrapy.extensions.logstats] INFO: Crawled 87460 pages (at 396 pages/min), scraped 343063 items (at 2208 items/min)
2021-06-07 10:48:23 [scrapy.extensions.logstats] INFO: Crawled 87921 pages (at 461 pages/min), scraped 344601 items (at 1538 items/min)
2021-06-07 10:49:23 [scrapy.extensions.logstats] INFO: Crawled 88411 pages (at 490 pages/min), scraped 346743 items (at 2142 items/min)
2021-06-07 10:50:23 [scrapy.extensions.logstats] INFO: Crawled 88874 pages (at 463 pages/min), scraped 349146 items (at 2403 items/min)
2021-06-07 10:51:23 [scrapy.extensions.logstats] INFO: Crawled 89281 pages (at 407 pages/min), scraped 351074 items (at 1928 items/min)
2021-06-07 10:52:23 [scrapy.extensions.logstats] INFO: Crawled 89707 pages (at 426 pages/min), scraped 352534 items (at 1460 items/min)
2021-06-07 10:53:23 [scrapy.extensions.logstats] INFO: Crawled 90160 pages (at 453 pages/min), scraped 354844 items (at 2310 items/min)
2021-06-07 10:54:23 [scrapy.extensions.logstats] INFO: Crawled 90571 pages (at 411 pages/min), scraped 356959 items (at 2115 items/min)
2021-06-07 10:55:23 [scrapy.extensions.logstats] INFO: Crawled 90987 pages (at 416 pages/min), scraped 359099 items (at 2140 items/min)
2021-06-07 10:56:23 [scrapy.extensions.logstats] INFO: Crawled 91374 pages (at 387 pages/min), scraped 360886 items (at 1787 items/min)
2021-06-07 10:57:23 [scrapy.extensions.logstats] INFO: Crawled 91780 pages (at 406 pages/min), scraped 362831 items (at 1945 items/min)
2021-06-07 10:58:23 [scrapy.extensions.logstats] INFO: Crawled 92191 pages (at 411 pages/min), scraped 364394 items (at 1563 items/min)
2021-06-07 10:59:23 [scrapy.extensions.logstats] INFO: Crawled 92615 pages (at 424 pages/min), scraped 367444 items (at 3050 items/min)
2021-06-07 11:00:23 [scrapy.extensions.logstats] INFO: Crawled 92973 pages (at 358 pages/min), scraped 368626 items (at 1182 items/min)
2021-06-07 11:01:23 [scrapy.extensions.logstats] INFO: Crawled 93403 pages (at 430 pages/min), scraped 371743 items (at 3117 items/min)
2021-06-07 11:02:23 [scrapy.extensions.logstats] INFO: Crawled 93848 pages (at 445 pages/min), scraped 373761 items (at 2018 items/min)
2021-06-07 11:03:23 [scrapy.extensions.logstats] INFO: Crawled 94228 pages (at 380 pages/min), scraped 375429 items (at 1668 items/min)
2021-06-07 11:04:23 [scrapy.extensions.logstats] INFO: Crawled 94644 pages (at 416 pages/min), scraped 376774 items (at 1345 items/min)
2021-06-07 11:05:23 [scrapy.extensions.logstats] INFO: Crawled 95022 pages (at 378 pages/min), scraped 378195 items (at 1421 items/min)
2021-06-07 11:06:23 [scrapy.extensions.logstats] INFO: Crawled 95439 pages (at 417 pages/min), scraped 379898 items (at 1703 items/min)
2021-06-07 11:07:23 [scrapy.extensions.logstats] INFO: Crawled 95861 pages (at 422 pages/min), scraped 382444 items (at 2546 items/min)
2021-06-07 11:08:23 [scrapy.extensions.logstats] INFO: Crawled 96265 pages (at 404 pages/min), scraped 384018 items (at 1574 items/min)
2021-06-07 11:09:23 [scrapy.extensions.logstats] INFO: Crawled 96649 pages (at 384 pages/min), scraped 385727 items (at 1709 items/min)
2021-06-07 11:10:23 [scrapy.extensions.logstats] INFO: Crawled 97016 pages (at 367 pages/min), scraped 387551 items (at 1824 items/min)
2021-06-07 11:11:23 [scrapy.extensions.logstats] INFO: Crawled 97387 pages (at 371 pages/min), scraped 389452 items (at 1901 items/min)
2021-06-07 11:12:23 [scrapy.extensions.logstats] INFO: Crawled 97768 pages (at 381 pages/min), scraped 391146 items (at 1694 items/min)
2021-06-07 11:13:23 [scrapy.extensions.logstats] INFO: Crawled 98149 pages (at 381 pages/min), scraped 392697 items (at 1551 items/min)
2021-06-07 11:14:23 [scrapy.extensions.logstats] INFO: Crawled 98534 pages (at 385 pages/min), scraped 393757 items (at 1060 items/min)
2021-06-07 11:15:23 [scrapy.extensions.logstats] INFO: Crawled 98876 pages (at 342 pages/min), scraped 395479 items (at 1722 items/min)
2021-06-07 11:16:23 [scrapy.extensions.logstats] INFO: Crawled 99226 pages (at 350 pages/min), scraped 396834 items (at 1355 items/min)
2021-06-07 11:17:23 [scrapy.extensions.logstats] INFO: Crawled 99607 pages (at 381 pages/min), scraped 398068 items (at 1234 items/min)
2021-06-07 11:18:23 [scrapy.extensions.logstats] INFO: Crawled 99995 pages (at 388 pages/min), scraped 399316 items (at 1248 items/min)
2021-06-07 11:19:23 [scrapy.extensions.logstats] INFO: Crawled 100386 pages (at 391 pages/min), scraped 401169 items (at 1853 items/min)
2021-06-07 11:20:23 [scrapy.extensions.logstats] INFO: Crawled 100743 pages (at 357 pages/min), scraped 402768 items (at 1599 items/min)
2021-06-07 11:21:23 [scrapy.extensions.logstats] INFO: Crawled 101150 pages (at 407 pages/min), scraped 404585 items (at 1817 items/min)
2021-06-07 11:22:23 [scrapy.extensions.logstats] INFO: Crawled 101586 pages (at 436 pages/min), scraped 406898 items (at 2313 items/min)
2021-06-07 11:23:23 [scrapy.extensions.logstats] INFO: Crawled 102017 pages (at 431 pages/min), scraped 408255 items (at 1357 items/min)
2021-06-07 11:24:23 [scrapy.extensions.logstats] INFO: Crawled 102441 pages (at 424 pages/min), scraped 410482 items (at 2227 items/min)
2021-06-07 11:25:23 [scrapy.extensions.logstats] INFO: Crawled 102861 pages (at 420 pages/min), scraped 413015 items (at 2533 items/min)
2021-06-07 11:26:23 [scrapy.extensions.logstats] INFO: Crawled 103311 pages (at 450 pages/min), scraped 415085 items (at 2070 items/min)
2021-06-07 11:27:23 [scrapy.extensions.logstats] INFO: Crawled 103765 pages (at 454 pages/min), scraped 417139 items (at 2054 items/min)
2021-06-07 11:28:23 [scrapy.extensions.logstats] INFO: Crawled 104182 pages (at 417 pages/min), scraped 418874 items (at 1735 items/min)
2021-06-07 11:29:23 [scrapy.extensions.logstats] INFO: Crawled 104542 pages (at 360 pages/min), scraped 420821 items (at 1947 items/min)
2021-06-07 11:30:23 [scrapy.extensions.logstats] INFO: Crawled 104959 pages (at 417 pages/min), scraped 422798 items (at 1977 items/min)
2021-06-07 11:52:29 [scrapy.extensions.logstats] INFO: Crawled 105024 pages (at 65 pages/min), scraped 423035 items (at 237 items/min)
2021-06-07 11:53:23 [scrapy.extensions.logstats] INFO: Crawled 105358 pages (at 334 pages/min), scraped 425150 items (at 2115 items/min)
2021-06-07 11:54:23 [scrapy.extensions.logstats] INFO: Crawled 105784 pages (at 426 pages/min), scraped 428181 items (at 3031 items/min)
2021-06-07 11:55:23 [scrapy.extensions.logstats] INFO: Crawled 106195 pages (at 411 pages/min), scraped 430226 items (at 2045 items/min)
2021-06-07 11:56:23 [scrapy.extensions.logstats] INFO: Crawled 106559 pages (at 364 pages/min), scraped 431740 items (at 1514 items/min)
2021-06-07 11:57:23 [scrapy.extensions.logstats] INFO: Crawled 106974 pages (at 415 pages/min), scraped 433871 items (at 2131 items/min)
2021-06-07 11:58:23 [scrapy.extensions.logstats] INFO: Crawled 107392 pages (at 418 pages/min), scraped 435633 items (at 1762 items/min)
2021-06-07 11:59:23 [scrapy.extensions.logstats] INFO: Crawled 107775 pages (at 383 pages/min), scraped 437723 items (at 2090 items/min)
2021-06-07 12:00:23 [scrapy.extensions.logstats] INFO: Crawled 108217 pages (at 442 pages/min), scraped 440165 items (at 2442 items/min)
2021-06-07 12:01:23 [scrapy.extensions.logstats] INFO: Crawled 108650 pages (at 433 pages/min), scraped 441660 items (at 1495 items/min)
2021-06-07 12:02:23 [scrapy.extensions.logstats] INFO: Crawled 109089 pages (at 439 pages/min), scraped 443626 items (at 1966 items/min)
2021-06-07 12:03:23 [scrapy.extensions.logstats] INFO: Crawled 109473 pages (at 384 pages/min), scraped 445612 items (at 1986 items/min)
2021-06-07 12:04:23 [scrapy.extensions.logstats] INFO: Crawled 109892 pages (at 419 pages/min), scraped 447433 items (at 1821 items/min)
2021-06-07 12:05:23 [scrapy.extensions.logstats] INFO: Crawled 110339 pages (at 447 pages/min), scraped 449890 items (at 2457 items/min)
2021-06-07 12:06:23 [scrapy.extensions.logstats] INFO: Crawled 110787 pages (at 448 pages/min), scraped 451850 items (at 1960 items/min)
2021-06-07 12:07:23 [scrapy.extensions.logstats] INFO: Crawled 111236 pages (at 449 pages/min), scraped 453888 items (at 2038 items/min)
2021-06-07 12:08:23 [scrapy.extensions.logstats] INFO: Crawled 111624 pages (at 388 pages/min), scraped 455558 items (at 1670 items/min)
2021-06-07 12:09:23 [scrapy.extensions.logstats] INFO: Crawled 112069 pages (at 445 pages/min), scraped 457245 items (at 1687 items/min)
2021-06-07 12:10:23 [scrapy.extensions.logstats] INFO: Crawled 112503 pages (at 434 pages/min), scraped 458955 items (at 1710 items/min)
2021-06-07 12:11:23 [scrapy.extensions.logstats] INFO: Crawled 112923 pages (at 420 pages/min), scraped 461693 items (at 2738 items/min)
2021-06-07 12:12:23 [scrapy.extensions.logstats] INFO: Crawled 113357 pages (at 434 pages/min), scraped 463668 items (at 1975 items/min)
2021-06-07 12:13:23 [scrapy.extensions.logstats] INFO: Crawled 113755 pages (at 398 pages/min), scraped 464852 items (at 1184 items/min)
2021-06-07 12:14:23 [scrapy.extensions.logstats] INFO: Crawled 114152 pages (at 397 pages/min), scraped 466795 items (at 1943 items/min)
2021-06-07 12:15:23 [scrapy.extensions.logstats] INFO: Crawled 114538 pages (at 386 pages/min), scraped 468655 items (at 1860 items/min)
2021-06-07 12:16:23 [scrapy.extensions.logstats] INFO: Crawled 114968 pages (at 430 pages/min), scraped 471072 items (at 2417 items/min)
2021-06-07 12:17:23 [scrapy.extensions.logstats] INFO: Crawled 115431 pages (at 463 pages/min), scraped 473400 items (at 2328 items/min)
2021-06-07 12:18:23 [scrapy.extensions.logstats] INFO: Crawled 115898 pages (at 467 pages/min), scraped 476092 items (at 2692 items/min)
2021-06-07 12:19:23 [scrapy.extensions.logstats] INFO: Crawled 116321 pages (at 423 pages/min), scraped 478150 items (at 2058 items/min)
2021-06-07 12:20:23 [scrapy.extensions.logstats] INFO: Crawled 116808 pages (at 487 pages/min), scraped 480346 items (at 2196 items/min)
2021-06-07 12:21:23 [scrapy.extensions.logstats] INFO: Crawled 117256 pages (at 448 pages/min), scraped 482265 items (at 1919 items/min)
2021-06-07 12:51:33 [scrapy.extensions.logstats] INFO: Crawled 117362 pages (at 106 pages/min), scraped 482565 items (at 300 items/min)
2021-06-07 12:52:23 [scrapy.extensions.logstats] INFO: Crawled 117700 pages (at 338 pages/min), scraped 484093 items (at 1528 items/min)
2021-06-07 12:53:23 [scrapy.extensions.logstats] INFO: Crawled 118115 pages (at 415 pages/min), scraped 485817 items (at 1724 items/min)
2021-06-07 12:54:23 [scrapy.extensions.logstats] INFO: Crawled 118522 pages (at 407 pages/min), scraped 487800 items (at 1983 items/min)
2021-06-07 12:55:23 [scrapy.extensions.logstats] INFO: Crawled 118932 pages (at 410 pages/min), scraped 489585 items (at 1785 items/min)
2021-06-07 12:56:23 [scrapy.extensions.logstats] INFO: Crawled 119359 pages (at 427 pages/min), scraped 491814 items (at 2229 items/min)
2021-06-07 12:57:23 [scrapy.extensions.logstats] INFO: Crawled 119812 pages (at 453 pages/min), scraped 493765 items (at 1951 items/min)
2021-06-07 12:58:23 [scrapy.extensions.logstats] INFO: Crawled 120267 pages (at 455 pages/min), scraped 496405 items (at 2640 items/min)
2021-06-07 12:59:23 [scrapy.extensions.logstats] INFO: Crawled 120689 pages (at 422 pages/min), scraped 498680 items (at 2275 items/min)
2021-06-07 13:00:23 [scrapy.extensions.logstats] INFO: Crawled 121111 pages (at 422 pages/min), scraped 500709 items (at 2029 items/min)
2021-06-07 13:01:23 [scrapy.extensions.logstats] INFO: Crawled 121539 pages (at 428 pages/min), scraped 502273 items (at 1564 items/min)
2021-06-07 13:02:23 [scrapy.extensions.logstats] INFO: Crawled 121962 pages (at 423 pages/min), scraped 504376 items (at 2103 items/min)
2021-06-07 13:03:23 [scrapy.extensions.logstats] INFO: Crawled 122378 pages (at 416 pages/min), scraped 506396 items (at 2020 items/min)
2021-06-07 13:04:23 [scrapy.extensions.logstats] INFO: Crawled 122769 pages (at 391 pages/min), scraped 508643 items (at 2247 items/min)
2021-06-07 13:05:23 [scrapy.extensions.logstats] INFO: Crawled 123153 pages (at 384 pages/min), scraped 510215 items (at 1572 items/min)
2021-06-07 13:06:23 [scrapy.extensions.logstats] INFO: Crawled 123585 pages (at 432 pages/min), scraped 513175 items (at 2960 items/min)
2021-06-07 13:07:23 [scrapy.extensions.logstats] INFO: Crawled 124067 pages (at 482 pages/min), scraped 515885 items (at 2710 items/min)
2021-06-07 13:08:23 [scrapy.extensions.logstats] INFO: Crawled 124506 pages (at 439 pages/min), scraped 517763 items (at 1878 items/min)
2021-06-07 13:09:23 [scrapy.extensions.logstats] INFO: Crawled 124896 pages (at 390 pages/min), scraped 519398 items (at 1635 items/min)
2021-06-07 13:10:23 [scrapy.extensions.logstats] INFO: Crawled 125340 pages (at 444 pages/min), scraped 522107 items (at 2709 items/min)
2021-06-07 13:11:23 [scrapy.extensions.logstats] INFO: Crawled 125835 pages (at 495 pages/min), scraped 524452 items (at 2345 items/min)
2021-06-07 14:10:34 [scrapy.extensions.logstats] INFO: Crawled 125960 pages (at 125 pages/min), scraped 525005 items (at 553 items/min)
2021-06-07 14:11:23 [scrapy.extensions.logstats] INFO: Crawled 126294 pages (at 334 pages/min), scraped 526307 items (at 1302 items/min)
2021-06-07 14:12:23 [scrapy.extensions.logstats] INFO: Crawled 126758 pages (at 464 pages/min), scraped 528748 items (at 2441 items/min)
2021-06-07 14:13:23 [scrapy.extensions.logstats] INFO: Crawled 127269 pages (at 511 pages/min), scraped 531192 items (at 2444 items/min)
2021-06-07 14:14:23 [scrapy.extensions.logstats] INFO: Crawled 127769 pages (at 500 pages/min), scraped 533465 items (at 2273 items/min)
2021-06-07 14:15:23 [scrapy.extensions.logstats] INFO: Crawled 128212 pages (at 443 pages/min), scraped 535748 items (at 2283 items/min)
2021-06-07 14:16:23 [scrapy.extensions.logstats] INFO: Crawled 128662 pages (at 450 pages/min), scraped 537548 items (at 1800 items/min)
2021-06-07 14:17:23 [scrapy.extensions.logstats] INFO: Crawled 129131 pages (at 469 pages/min), scraped 540045 items (at 2497 items/min)
2021-06-07 14:18:23 [scrapy.extensions.logstats] INFO: Crawled 129682 pages (at 551 pages/min), scraped 543017 items (at 2972 items/min)
2021-06-07 14:19:23 [scrapy.extensions.logstats] INFO: Crawled 130204 pages (at 522 pages/min), scraped 545646 items (at 2629 items/min)
2021-06-07 14:20:23 [scrapy.extensions.logstats] INFO: Crawled 130734 pages (at 530 pages/min), scraped 548866 items (at 3220 items/min)
2021-06-07 14:21:23 [scrapy.extensions.logstats] INFO: Crawled 131262 pages (at 528 pages/min), scraped 551457 items (at 2591 items/min)
2021-06-07 14:22:23 [scrapy.extensions.logstats] INFO: Crawled 131658 pages (at 396 pages/min), scraped 553407 items (at 1950 items/min)
2021-06-07 14:23:23 [scrapy.extensions.logstats] INFO: Crawled 132130 pages (at 472 pages/min), scraped 555579 items (at 2172 items/min)
2021-06-07 14:24:23 [scrapy.extensions.logstats] INFO: Crawled 132575 pages (at 445 pages/min), scraped 557667 items (at 2088 items/min)
2021-06-07 14:25:23 [scrapy.extensions.logstats] INFO: Crawled 132999 pages (at 424 pages/min), scraped 559382 items (at 1715 items/min)
2021-06-07 14:26:23 [scrapy.extensions.logstats] INFO: Crawled 133477 pages (at 478 pages/min), scraped 561482 items (at 2100 items/min)
2021-06-07 14:27:23 [scrapy.extensions.logstats] INFO: Crawled 133904 pages (at 427 pages/min), scraped 563292 items (at 1810 items/min)
2021-06-07 14:28:23 [scrapy.extensions.logstats] INFO: Crawled 134369 pages (at 465 pages/min), scraped 565585 items (at 2293 items/min)
2021-06-07 14:29:23 [scrapy.extensions.logstats] INFO: Crawled 134839 pages (at 470 pages/min), scraped 567867 items (at 2282 items/min)
2021-06-07 14:30:23 [scrapy.extensions.logstats] INFO: Crawled 135265 pages (at 426 pages/min), scraped 569993 items (at 2126 items/min)
2021-06-07 14:31:23 [scrapy.extensions.logstats] INFO: Crawled 135709 pages (at 444 pages/min), scraped 571655 items (at 1662 items/min)
2021-06-07 14:32:23 [scrapy.extensions.logstats] INFO: Crawled 136158 pages (at 449 pages/min), scraped 573631 items (at 1976 items/min)
2021-06-07 14:33:23 [scrapy.extensions.logstats] INFO: Crawled 136579 pages (at 421 pages/min), scraped 574822 items (at 1191 items/min)
2021-06-07 14:34:23 [scrapy.extensions.logstats] INFO: Crawled 137039 pages (at 460 pages/min), scraped 576718 items (at 1896 items/min)
2021-06-07 14:35:23 [scrapy.extensions.logstats] INFO: Crawled 137574 pages (at 535 pages/min), scraped 579874 items (at 3156 items/min)
2021-06-07 14:36:23 [scrapy.extensions.logstats] INFO: Crawled 137964 pages (at 390 pages/min), scraped 581706 items (at 1832 items/min)
2021-06-07 14:37:23 [scrapy.extensions.logstats] INFO: Crawled 138414 pages (at 450 pages/min), scraped 583524 items (at 1818 items/min)
2021-06-07 14:38:23 [scrapy.extensions.logstats] INFO: Crawled 138911 pages (at 497 pages/min), scraped 586449 items (at 2925 items/min)
2021-06-07 14:39:23 [scrapy.extensions.logstats] INFO: Crawled 139324 pages (at 413 pages/min), scraped 588346 items (at 1897 items/min)
2021-06-07 14:40:23 [scrapy.extensions.logstats] INFO: Crawled 139788 pages (at 464 pages/min), scraped 590726 items (at 2380 items/min)
2021-06-07 14:41:23 [scrapy.extensions.logstats] INFO: Crawled 140160 pages (at 372 pages/min), scraped 592257 items (at 1531 items/min)
2021-06-07 14:42:23 [scrapy.extensions.logstats] INFO: Crawled 140596 pages (at 436 pages/min), scraped 594399 items (at 2142 items/min)
2021-06-07 14:43:23 [scrapy.extensions.logstats] INFO: Crawled 141041 pages (at 445 pages/min), scraped 596593 items (at 2194 items/min)
2021-06-07 14:44:23 [scrapy.extensions.logstats] INFO: Crawled 141485 pages (at 444 pages/min), scraped 598648 items (at 2055 items/min)
2021-06-07 14:45:23 [scrapy.extensions.logstats] INFO: Crawled 141883 pages (at 398 pages/min), scraped 600649 items (at 2001 items/min)
2021-06-07 14:46:23 [scrapy.extensions.logstats] INFO: Crawled 142331 pages (at 448 pages/min), scraped 602306 items (at 1657 items/min)
2021-06-07 14:47:23 [scrapy.extensions.logstats] INFO: Crawled 142657 pages (at 326 pages/min), scraped 603562 items (at 1256 items/min)
2021-06-07 14:48:23 [scrapy.extensions.logstats] INFO: Crawled 143072 pages (at 415 pages/min), scraped 605018 items (at 1456 items/min)
2021-06-07 14:49:23 [scrapy.extensions.logstats] INFO: Crawled 143522 pages (at 450 pages/min), scraped 606162 items (at 1144 items/min)
2021-06-07 14:50:23 [scrapy.extensions.logstats] INFO: Crawled 143984 pages (at 462 pages/min), scraped 607981 items (at 1819 items/min)
2021-06-07 14:51:23 [scrapy.extensions.logstats] INFO: Crawled 144475 pages (at 491 pages/min), scraped 609572 items (at 1591 items/min)
2021-06-07 14:52:23 [scrapy.extensions.logstats] INFO: Crawled 144877 pages (at 402 pages/min), scraped 611228 items (at 1656 items/min)
2021-06-07 14:53:23 [scrapy.extensions.logstats] INFO: Crawled 145315 pages (at 438 pages/min), scraped 612908 items (at 1680 items/min)
2021-06-07 14:54:23 [scrapy.extensions.logstats] INFO: Crawled 145794 pages (at 479 pages/min), scraped 615092 items (at 2184 items/min)
2021-06-07 14:55:23 [scrapy.extensions.logstats] INFO: Crawled 146349 pages (at 555 pages/min), scraped 617227 items (at 2135 items/min)
2021-06-07 14:56:23 [scrapy.extensions.logstats] INFO: Crawled 146820 pages (at 471 pages/min), scraped 619085 items (at 1858 items/min)
2021-06-07 14:57:23 [scrapy.extensions.logstats] INFO: Crawled 147257 pages (at 437 pages/min), scraped 621185 items (at 2100 items/min)
2021-06-07 14:58:23 [scrapy.extensions.logstats] INFO: Crawled 147701 pages (at 444 pages/min), scraped 622829 items (at 1644 items/min)
2021-06-07 14:59:23 [scrapy.extensions.logstats] INFO: Crawled 148093 pages (at 392 pages/min), scraped 624593 items (at 1764 items/min)
2021-06-07 15:00:23 [scrapy.extensions.logstats] INFO: Crawled 148570 pages (at 477 pages/min), scraped 626529 items (at 1936 items/min)
2021-06-07 15:01:23 [scrapy.extensions.logstats] INFO: Crawled 149043 pages (at 473 pages/min), scraped 628610 items (at 2081 items/min)
2021-06-07 15:02:23 [scrapy.extensions.logstats] INFO: Crawled 149446 pages (at 403 pages/min), scraped 630213 items (at 1603 items/min)
2021-06-07 15:03:23 [scrapy.extensions.logstats] INFO: Crawled 149938 pages (at 492 pages/min), scraped 632583 items (at 2370 items/min)
2021-06-07 15:04:23 [scrapy.extensions.logstats] INFO: Crawled 150429 pages (at 491 pages/min), scraped 634912 items (at 2329 items/min)
2021-06-07 15:05:23 [scrapy.extensions.logstats] INFO: Crawled 150931 pages (at 502 pages/min), scraped 637837 items (at 2925 items/min)
2021-06-07 15:06:23 [scrapy.extensions.logstats] INFO: Crawled 151463 pages (at 532 pages/min), scraped 640292 items (at 2455 items/min)
2021-06-07 15:07:23 [scrapy.extensions.logstats] INFO: Crawled 151952 pages (at 489 pages/min), scraped 642213 items (at 1921 items/min)
2021-06-07 15:08:23 [scrapy.extensions.logstats] INFO: Crawled 152509 pages (at 557 pages/min), scraped 644597 items (at 2384 items/min)
2021-06-07 15:09:23 [scrapy.extensions.logstats] INFO: Crawled 153110 pages (at 601 pages/min), scraped 647108 items (at 2511 items/min)
2021-06-07 15:10:23 [scrapy.extensions.logstats] INFO: Crawled 153637 pages (at 527 pages/min), scraped 649528 items (at 2420 items/min)
2021-06-07 15:11:23 [scrapy.extensions.logstats] INFO: Crawled 154257 pages (at 620 pages/min), scraped 652360 items (at 2832 items/min)
2021-06-07 15:12:23 [scrapy.extensions.logstats] INFO: Crawled 154819 pages (at 562 pages/min), scraped 654970 items (at 2610 items/min)
2021-06-07 15:13:23 [scrapy.extensions.logstats] INFO: Crawled 155365 pages (at 546 pages/min), scraped 657220 items (at 2250 items/min)
2021-06-07 15:14:23 [scrapy.extensions.logstats] INFO: Crawled 156079 pages (at 714 pages/min), scraped 659526 items (at 2306 items/min)
2021-06-07 15:15:23 [scrapy.extensions.logstats] INFO: Crawled 157020 pages (at 941 pages/min), scraped 661073 items (at 1547 items/min)
2021-06-07 15:16:23 [scrapy.extensions.logstats] INFO: Crawled 157865 pages (at 845 pages/min), scraped 662703 items (at 1630 items/min)
2021-06-07 15:17:23 [scrapy.extensions.logstats] INFO: Crawled 158590 pages (at 725 pages/min), scraped 664122 items (at 1419 items/min)
2021-06-07 15:18:23 [scrapy.extensions.logstats] INFO: Crawled 159495 pages (at 905 pages/min), scraped 665946 items (at 1824 items/min)
2021-06-07 15:19:23 [scrapy.extensions.logstats] INFO: Crawled 160176 pages (at 681 pages/min), scraped 668171 items (at 2225 items/min)
2021-06-07 15:20:23 [scrapy.extensions.logstats] INFO: Crawled 160672 pages (at 496 pages/min), scraped 669919 items (at 1748 items/min)
2021-06-07 15:21:23 [scrapy.extensions.logstats] INFO: Crawled 161178 pages (at 506 pages/min), scraped 671943 items (at 2024 items/min)
2021-06-07 15:22:23 [scrapy.extensions.logstats] INFO: Crawled 161650 pages (at 472 pages/min), scraped 673980 items (at 2037 items/min)
2021-06-07 15:23:23 [scrapy.extensions.logstats] INFO: Crawled 162213 pages (at 563 pages/min), scraped 676754 items (at 2774 items/min)
2021-06-07 15:24:23 [scrapy.extensions.logstats] INFO: Crawled 162783 pages (at 570 pages/min), scraped 678921 items (at 2167 items/min)
2021-06-07 15:25:23 [scrapy.extensions.logstats] INFO: Crawled 163290 pages (at 507 pages/min), scraped 681298 items (at 2377 items/min)
2021-06-07 15:26:23 [scrapy.extensions.logstats] INFO: Crawled 163807 pages (at 517 pages/min), scraped 683286 items (at 1988 items/min)
2021-06-07 15:27:23 [scrapy.extensions.logstats] INFO: Crawled 164274 pages (at 467 pages/min), scraped 685196 items (at 1910 items/min)
2021-06-07 15:28:23 [scrapy.extensions.logstats] INFO: Crawled 164686 pages (at 412 pages/min), scraped 686319 items (at 1123 items/min)
2021-06-07 15:29:23 [scrapy.extensions.logstats] INFO: Crawled 165055 pages (at 369 pages/min), scraped 686637 items (at 318 items/min)
2021-06-07 15:30:23 [scrapy.extensions.logstats] INFO: Crawled 165493 pages (at 438 pages/min), scraped 688848 items (at 2211 items/min)
2021-06-07 15:31:23 [scrapy.extensions.logstats] INFO: Crawled 165889 pages (at 396 pages/min), scraped 690512 items (at 1664 items/min)
2021-06-07 15:32:23 [scrapy.extensions.logstats] INFO: Crawled 166272 pages (at 383 pages/min), scraped 691651 items (at 1139 items/min)
2021-06-07 15:33:23 [scrapy.extensions.logstats] INFO: Crawled 166667 pages (at 395 pages/min), scraped 693175 items (at 1524 items/min)
2021-06-07 15:34:23 [scrapy.extensions.logstats] INFO: Crawled 167037 pages (at 370 pages/min), scraped 694244 items (at 1069 items/min)
2021-06-07 15:35:23 [scrapy.extensions.logstats] INFO: Crawled 167496 pages (at 459 pages/min), scraped 696163 items (at 1919 items/min)
2021-06-07 15:36:23 [scrapy.extensions.logstats] INFO: Crawled 167928 pages (at 432 pages/min), scraped 697155 items (at 992 items/min)
2021-06-07 15:37:23 [scrapy.extensions.logstats] INFO: Crawled 168344 pages (at 416 pages/min), scraped 699319 items (at 2164 items/min)
2021-06-07 15:38:23 [scrapy.extensions.logstats] INFO: Crawled 168821 pages (at 477 pages/min), scraped 701193 items (at 1874 items/min)
2021-06-07 15:39:23 [scrapy.extensions.logstats] INFO: Crawled 169215 pages (at 394 pages/min), scraped 702599 items (at 1406 items/min)
2021-06-07 15:40:23 [scrapy.extensions.logstats] INFO: Crawled 169564 pages (at 349 pages/min), scraped 703600 items (at 1001 items/min)
2021-06-07 15:41:23 [scrapy.extensions.logstats] INFO: Crawled 170024 pages (at 460 pages/min), scraped 706152 items (at 2552 items/min)
2021-06-07 15:42:23 [scrapy.extensions.logstats] INFO: Crawled 170388 pages (at 364 pages/min), scraped 707195 items (at 1043 items/min)
2021-06-07 15:43:23 [scrapy.extensions.logstats] INFO: Crawled 170807 pages (at 419 pages/min), scraped 708663 items (at 1468 items/min)
2021-06-07 15:44:23 [scrapy.extensions.logstats] INFO: Crawled 171256 pages (at 449 pages/min), scraped 710104 items (at 1441 items/min)
2021-06-07 15:45:23 [scrapy.extensions.logstats] INFO: Crawled 171669 pages (at 413 pages/min), scraped 711786 items (at 1682 items/min)
2021-06-07 15:46:23 [scrapy.extensions.logstats] INFO: Crawled 172072 pages (at 403 pages/min), scraped 713180 items (at 1394 items/min)
2021-06-07 15:47:23 [scrapy.extensions.logstats] INFO: Crawled 172488 pages (at 416 pages/min), scraped 714637 items (at 1457 items/min)
2021-06-07 15:48:23 [scrapy.extensions.logstats] INFO: Crawled 172958 pages (at 470 pages/min), scraped 716140 items (at 1503 items/min)
2021-06-07 15:49:23 [scrapy.extensions.logstats] INFO: Crawled 173384 pages (at 426 pages/min), scraped 717289 items (at 1149 items/min)
2021-06-07 15:50:23 [scrapy.extensions.logstats] INFO: Crawled 173795 pages (at 411 pages/min), scraped 719063 items (at 1774 items/min)
2021-06-07 15:51:23 [scrapy.extensions.logstats] INFO: Crawled 174277 pages (at 482 pages/min), scraped 721104 items (at 2041 items/min)
2021-06-07 15:52:23 [scrapy.extensions.logstats] INFO: Crawled 174637 pages (at 360 pages/min), scraped 722338 items (at 1234 items/min)
2021-06-07 15:53:23 [scrapy.extensions.logstats] INFO: Crawled 175086 pages (at 449 pages/min), scraped 724090 items (at 1752 items/min)
2021-06-07 15:54:23 [scrapy.extensions.logstats] INFO: Crawled 175519 pages (at 433 pages/min), scraped 725495 items (at 1405 items/min)
2021-06-07 15:55:23 [scrapy.extensions.logstats] INFO: Crawled 175959 pages (at 440 pages/min), scraped 726902 items (at 1407 items/min)
2021-06-07 15:56:23 [scrapy.extensions.logstats] INFO: Crawled 176429 pages (at 470 pages/min), scraped 728503 items (at 1601 items/min)
2021-06-07 15:57:23 [scrapy.extensions.logstats] INFO: Crawled 176842 pages (at 413 pages/min), scraped 729902 items (at 1399 items/min)
2021-06-07 15:58:23 [scrapy.extensions.logstats] INFO: Crawled 177348 pages (at 506 pages/min), scraped 732091 items (at 2189 items/min)
2021-06-07 15:59:23 [scrapy.extensions.logstats] INFO: Crawled 177738 pages (at 390 pages/min), scraped 733587 items (at 1496 items/min)
2021-06-07 16:00:23 [scrapy.extensions.logstats] INFO: Crawled 178124 pages (at 386 pages/min), scraped 734940 items (at 1353 items/min)
2021-06-07 16:01:23 [scrapy.extensions.logstats] INFO: Crawled 178548 pages (at 424 pages/min), scraped 737893 items (at 2953 items/min)
2021-06-07 16:02:23 [scrapy.extensions.logstats] INFO: Crawled 178968 pages (at 420 pages/min), scraped 739755 items (at 1862 items/min)
2021-06-07 16:03:23 [scrapy.extensions.logstats] INFO: Crawled 179412 pages (at 444 pages/min), scraped 741491 items (at 1736 items/min)
2021-06-07 16:04:23 [scrapy.extensions.logstats] INFO: Crawled 179857 pages (at 445 pages/min), scraped 743069 items (at 1578 items/min)
2021-06-07 16:05:23 [scrapy.extensions.logstats] INFO: Crawled 180336 pages (at 479 pages/min), scraped 745723 items (at 2654 items/min)
2021-06-07 16:06:23 [scrapy.extensions.logstats] INFO: Crawled 180788 pages (at 452 pages/min), scraped 747340 items (at 1617 items/min)
2021-06-07 16:07:23 [scrapy.extensions.logstats] INFO: Crawled 181177 pages (at 389 pages/min), scraped 748780 items (at 1440 items/min)
2021-06-07 16:08:23 [scrapy.extensions.logstats] INFO: Crawled 181608 pages (at 431 pages/min), scraped 750554 items (at 1774 items/min)
2021-06-07 16:09:23 [scrapy.extensions.logstats] INFO: Crawled 182027 pages (at 419 pages/min), scraped 752475 items (at 1921 items/min)
2021-06-07 16:10:23 [scrapy.extensions.logstats] INFO: Crawled 182480 pages (at 453 pages/min), scraped 753946 items (at 1471 items/min)
2021-06-07 16:11:23 [scrapy.extensions.logstats] INFO: Crawled 182953 pages (at 473 pages/min), scraped 755783 items (at 1837 items/min)
2021-06-07 16:12:23 [scrapy.extensions.logstats] INFO: Crawled 183277 pages (at 324 pages/min), scraped 757142 items (at 1359 items/min)
2021-06-07 16:13:23 [scrapy.extensions.logstats] INFO: Crawled 183805 pages (at 528 pages/min), scraped 759319 items (at 2177 items/min)
2021-06-07 16:14:23 [scrapy.extensions.logstats] INFO: Crawled 184216 pages (at 411 pages/min), scraped 760397 items (at 1078 items/min)
2021-06-07 16:15:23 [scrapy.extensions.logstats] INFO: Crawled 184645 pages (at 429 pages/min), scraped 785226 items (at 24829 items/min)
2021-06-07 16:16:23 [scrapy.extensions.logstats] INFO: Crawled 185121 pages (at 476 pages/min), scraped 787054 items (at 1828 items/min)
2021-06-07 16:17:23 [scrapy.extensions.logstats] INFO: Crawled 185556 pages (at 435 pages/min), scraped 789879 items (at 2825 items/min)
2021-06-07 16:18:23 [scrapy.extensions.logstats] INFO: Crawled 186081 pages (at 525 pages/min), scraped 792449 items (at 2570 items/min)
2021-06-07 16:19:23 [scrapy.extensions.logstats] INFO: Crawled 186499 pages (at 418 pages/min), scraped 794117 items (at 1668 items/min)
2021-06-07 16:20:23 [scrapy.extensions.logstats] INFO: Crawled 187001 pages (at 502 pages/min), scraped 796146 items (at 2029 items/min)
2021-06-07 16:21:23 [scrapy.extensions.logstats] INFO: Crawled 187654 pages (at 653 pages/min), scraped 798362 items (at 2216 items/min)
2021-06-07 16:22:23 [scrapy.extensions.logstats] INFO: Crawled 188354 pages (at 700 pages/min), scraped 800255 items (at 1893 items/min)
2021-06-07 16:23:23 [scrapy.extensions.logstats] INFO: Crawled 188945 pages (at 591 pages/min), scraped 801944 items (at 1689 items/min)
2021-06-07 16:24:23 [scrapy.extensions.logstats] INFO: Crawled 189548 pages (at 603 pages/min), scraped 803928 items (at 1984 items/min)
2021-06-07 16:25:23 [scrapy.extensions.logstats] INFO: Crawled 189998 pages (at 450 pages/min), scraped 805599 items (at 1671 items/min)
2021-06-07 16:26:23 [scrapy.extensions.logstats] INFO: Crawled 190463 pages (at 465 pages/min), scraped 807186 items (at 1587 items/min)
2021-06-07 16:27:23 [scrapy.extensions.logstats] INFO: Crawled 190867 pages (at 404 pages/min), scraped 808972 items (at 1786 items/min)
2021-06-07 16:28:23 [scrapy.extensions.logstats] INFO: Crawled 191351 pages (at 484 pages/min), scraped 811418 items (at 2446 items/min)
2021-06-07 16:29:23 [scrapy.extensions.logstats] INFO: Crawled 191829 pages (at 478 pages/min), scraped 814073 items (at 2655 items/min)
2021-06-07 16:30:23 [scrapy.extensions.logstats] INFO: Crawled 192244 pages (at 415 pages/min), scraped 815557 items (at 1484 items/min)
2021-06-07 16:31:23 [scrapy.extensions.logstats] INFO: Crawled 192768 pages (at 524 pages/min), scraped 818004 items (at 2447 items/min)
2021-06-07 16:32:23 [scrapy.extensions.logstats] INFO: Crawled 193251 pages (at 483 pages/min), scraped 820084 items (at 2080 items/min)
2021-06-07 16:33:23 [scrapy.extensions.logstats] INFO: Crawled 193712 pages (at 461 pages/min), scraped 822291 items (at 2207 items/min)
2021-06-07 16:34:23 [scrapy.extensions.logstats] INFO: Crawled 194130 pages (at 418 pages/min), scraped 823746 items (at 1455 items/min)
2021-06-07 16:35:23 [scrapy.extensions.logstats] INFO: Crawled 194550 pages (at 420 pages/min), scraped 825876 items (at 2130 items/min)
2021-06-07 16:36:23 [scrapy.extensions.logstats] INFO: Crawled 195032 pages (at 482 pages/min), scraped 827991 items (at 2115 items/min)
2021-06-07 16:37:23 [scrapy.extensions.logstats] INFO: Crawled 195428 pages (at 396 pages/min), scraped 829163 items (at 1172 items/min)
2021-06-07 16:38:23 [scrapy.extensions.logstats] INFO: Crawled 196011 pages (at 583 pages/min), scraped 832400 items (at 3237 items/min)
2021-06-07 16:39:23 [scrapy.extensions.logstats] INFO: Crawled 196524 pages (at 513 pages/min), scraped 834016 items (at 1616 items/min)
2021-06-07 16:40:23 [scrapy.extensions.logstats] INFO: Crawled 197086 pages (at 562 pages/min), scraped 836304 items (at 2288 items/min)
2021-06-07 16:41:23 [scrapy.extensions.logstats] INFO: Crawled 197661 pages (at 575 pages/min), scraped 839130 items (at 2826 items/min)
2021-06-07 16:42:23 [scrapy.extensions.logstats] INFO: Crawled 198121 pages (at 460 pages/min), scraped 840808 items (at 1678 items/min)
2021-06-07 16:43:23 [scrapy.extensions.logstats] INFO: Crawled 198668 pages (at 547 pages/min), scraped 842796 items (at 1988 items/min)
2021-06-07 16:44:23 [scrapy.extensions.logstats] INFO: Crawled 199171 pages (at 503 pages/min), scraped 844452 items (at 1656 items/min)
2021-06-07 16:45:23 [scrapy.extensions.logstats] INFO: Crawled 199696 pages (at 525 pages/min), scraped 846117 items (at 1665 items/min)
2021-06-07 16:46:23 [scrapy.extensions.logstats] INFO: Crawled 200151 pages (at 455 pages/min), scraped 847103 items (at 986 items/min)
2021-06-07 16:47:23 [scrapy.extensions.logstats] INFO: Crawled 200518 pages (at 367 pages/min), scraped 847545 items (at 442 items/min)
2021-06-07 16:48:23 [scrapy.extensions.logstats] INFO: Crawled 200850 pages (at 332 pages/min), scraped 847678 items (at 133 items/min)
2021-06-07 16:49:23 [scrapy.extensions.logstats] INFO: Crawled 201244 pages (at 394 pages/min), scraped 848402 items (at 724 items/min)
2021-06-07 16:50:23 [scrapy.extensions.logstats] INFO: Crawled 201699 pages (at 455 pages/min), scraped 850527 items (at 2125 items/min)
2021-06-07 16:51:23 [scrapy.extensions.logstats] INFO: Crawled 202189 pages (at 490 pages/min), scraped 855247 items (at 4720 items/min)
2021-06-07 16:52:23 [scrapy.extensions.logstats] INFO: Crawled 202446 pages (at 257 pages/min), scraped 856087 items (at 840 items/min)
2021-06-07 16:53:23 [scrapy.extensions.logstats] INFO: Crawled 202475 pages (at 29 pages/min), scraped 856748 items (at 661 items/min)
2021-06-07 16:54:23 [scrapy.extensions.logstats] INFO: Crawled 202499 pages (at 24 pages/min), scraped 856748 items (at 0 items/min)
2021-06-07 16:55:23 [scrapy.extensions.logstats] INFO: Crawled 202528 pages (at 29 pages/min), scraped 856748 items (at 0 items/min)
2021-06-07 16:56:23 [scrapy.extensions.logstats] INFO: Crawled 202546 pages (at 18 pages/min), scraped 856748 items (at 0 items/min)
2021-06-07 16:57:23 [scrapy.extensions.logstats] INFO: Crawled 202568 pages (at 22 pages/min), scraped 856748 items (at 0 items/min)
2021-06-07 16:58:23 [scrapy.extensions.logstats] INFO: Crawled 202594 pages (at 26 pages/min), scraped 856748 items (at 0 items/min)
2021-06-07 16:59:23 [scrapy.extensions.logstats] INFO: Crawled 202621 pages (at 27 pages/min), scraped 856748 items (at 0 items/min)
2021-06-07 17:00:23 [scrapy.extensions.logstats] INFO: Crawled 202641 pages (at 20 pages/min), scraped 856748 items (at 0 items/min)
2021-06-07 17:01:23 [scrapy.extensions.logstats] INFO: Crawled 202670 pages (at 29 pages/min), scraped 856748 items (at 0 items/min)
2021-06-07 17:02:14 [scrapy.core.engine] INFO: Closing spider (finished)
2021-06-07 17:02:14 [scrapy.statscollectors] INFO: Dumping Scrapy stats:
{'downloader/exception_count': 136,
 'downloader/exception_type_count/twisted.internet.error.TimeoutError': 136,
 'downloader/request_bytes': 145046200,
 'downloader/request_count': 202834,
 'downloader/request_method_count/GET': 202834,
 'downloader/response_bytes': 63760274289,
 'downloader/response_count': 202698,
 'downloader/response_status_count/200': 202698,
 'elapsed_time_seconds': 57230.742793,
 'finish_reason': 'finished',
 'finish_time': datetime.datetime(2021, 6, 7, 20, 2, 14, 302225),
 'httpcompression/response_bytes': 268889889191,
 'httpcompression/response_count': 202698,
 'item_scraped_count': 858701,
 'log_count/INFO': 510,
 'memusage/max': 1092632576,
 'memusage/startup': 92307456,
 'request_depth_max': 2474,
 'response_received_count': 202698,
 'retry/count': 136,
 'retry/reason_count/twisted.internet.error.TimeoutError': 136,
 'scheduler/dequeued': 202834,
 'scheduler/dequeued/memory': 202834,
 'scheduler/enqueued': 202834,
 'scheduler/enqueued/memory': 202834,
 'start_time': datetime.datetime(2021, 6, 7, 4, 8, 23, 559432)}
2021-06-07 17:02:14 [scrapy.core.engine] INFO: Spider closed (finished)
