2018-04-26 04:40:17 [scrapy.utils.log] INFO: Scrapy 1.5.0 started (bot: tcc)
2018-04-26 04:40:17 [scrapy.utils.log] INFO: Versions: lxml 4.2.1.0, libxml2 2.9.8, cssselect 1.0.3, parsel 1.4.0, w3lib 1.19.0, Twisted 17.9.0, Python 3.6.4 |Anaconda, Inc.| (default, Jan 16 2018, 18:10:19) - [GCC 7.2.0], pyOpenSSL 17.5.0 (OpenSSL 1.1.0h  27 Mar 2018), cryptography 2.2.2, Platform Linux-4.14.0-deepin2-amd64-x86_64-with-debian-8.0
2018-04-26 04:40:17 [scrapy.crawler] INFO: Overridden settings: {'BOT_NAME': 'tcc', 'CONCURRENT_REQUESTS_PER_DOMAIN': 16, 'FEED_EXPORT_ENCODING': 'utf-8', 'LOG_FILE': 'output.log', 'LOG_LEVEL': 'INFO', 'NEWSPIDER_MODULE': 'tcc.spiders', 'SPIDER_MODULES': ['tcc.spiders'], 'TELNETCONSOLE_ENABLED': False}
2018-04-26 04:40:17 [scrapy.middleware] INFO: Enabled extensions:
['scrapy.extensions.corestats.CoreStats',
 'scrapy.extensions.memusage.MemoryUsage',
 'scrapy.extensions.logstats.LogStats']
2018-04-26 04:40:17 [scrapy.middleware] INFO: Enabled downloader middlewares:
['scrapy.downloadermiddlewares.httpauth.HttpAuthMiddleware',
 'scrapy.downloadermiddlewares.downloadtimeout.DownloadTimeoutMiddleware',
 'scrapy.downloadermiddlewares.defaultheaders.DefaultHeadersMiddleware',
 'scrapy.downloadermiddlewares.useragent.UserAgentMiddleware',
 'scrapy.downloadermiddlewares.retry.RetryMiddleware',
 'scrapy.downloadermiddlewares.redirect.MetaRefreshMiddleware',
 'scrapy.downloadermiddlewares.httpcompression.HttpCompressionMiddleware',
 'scrapy.downloadermiddlewares.redirect.RedirectMiddleware',
 'scrapy.downloadermiddlewares.cookies.CookiesMiddleware',
 'scrapy.downloadermiddlewares.httpproxy.HttpProxyMiddleware',
 'scrapy.downloadermiddlewares.stats.DownloaderStats']
2018-04-26 04:40:17 [scrapy.middleware] INFO: Enabled spider middlewares:
['scrapy.spidermiddlewares.httperror.HttpErrorMiddleware',
 'scrapy.spidermiddlewares.offsite.OffsiteMiddleware',
 'scrapy.spidermiddlewares.referer.RefererMiddleware',
 'scrapy.spidermiddlewares.urllength.UrlLengthMiddleware',
 'scrapy.spidermiddlewares.depth.DepthMiddleware']
2018-04-26 04:40:17 [scrapy.middleware] INFO: Enabled item pipelines:
['tcc.pipelines.PipelineMongoDB']
2018-04-26 04:40:17 [scrapy.core.engine] INFO: Spider opened
2018-04-26 04:40:17 [scrapy.extensions.logstats] INFO: Crawled 0 pages (at 0 pages/min), scraped 0 items (at 0 items/min)
2018-04-26 04:41:17 [scrapy.extensions.logstats] INFO: Crawled 1189 pages (at 1189 pages/min), scraped 5114 items (at 5114 items/min)
2018-04-26 04:42:17 [scrapy.extensions.logstats] INFO: Crawled 2346 pages (at 1157 pages/min), scraped 11142 items (at 6028 items/min)
2018-04-26 04:43:17 [scrapy.extensions.logstats] INFO: Crawled 3540 pages (at 1194 pages/min), scraped 18137 items (at 6995 items/min)
2018-04-26 04:44:17 [scrapy.extensions.logstats] INFO: Crawled 4728 pages (at 1188 pages/min), scraped 24548 items (at 6411 items/min)
2018-04-26 04:45:17 [scrapy.extensions.logstats] INFO: Crawled 5935 pages (at 1207 pages/min), scraped 31173 items (at 6625 items/min)
2018-04-26 04:46:17 [scrapy.extensions.logstats] INFO: Crawled 7182 pages (at 1247 pages/min), scraped 38484 items (at 7311 items/min)
2018-04-26 04:47:17 [scrapy.extensions.logstats] INFO: Crawled 8466 pages (at 1284 pages/min), scraped 45840 items (at 7356 items/min)
2018-04-26 04:48:17 [scrapy.extensions.logstats] INFO: Crawled 9764 pages (at 1298 pages/min), scraped 53155 items (at 7315 items/min)
2018-04-26 04:49:17 [scrapy.extensions.logstats] INFO: Crawled 11113 pages (at 1349 pages/min), scraped 60541 items (at 7386 items/min)
2018-04-26 04:50:17 [scrapy.extensions.logstats] INFO: Crawled 12430 pages (at 1317 pages/min), scraped 68006 items (at 7465 items/min)
2018-04-26 04:51:17 [scrapy.extensions.logstats] INFO: Crawled 13763 pages (at 1333 pages/min), scraped 75732 items (at 7726 items/min)
2018-04-26 04:52:17 [scrapy.extensions.logstats] INFO: Crawled 15096 pages (at 1333 pages/min), scraped 82845 items (at 7113 items/min)
2018-04-26 04:53:17 [scrapy.extensions.logstats] INFO: Crawled 16539 pages (at 1443 pages/min), scraped 90870 items (at 8025 items/min)
2018-04-26 04:54:17 [scrapy.extensions.logstats] INFO: Crawled 18749 pages (at 2210 pages/min), scraped 94368 items (at 3498 items/min)
2018-04-26 04:55:17 [scrapy.extensions.logstats] INFO: Crawled 20491 pages (at 1742 pages/min), scraped 101280 items (at 6912 items/min)
2018-04-26 04:56:17 [scrapy.extensions.logstats] INFO: Crawled 21923 pages (at 1432 pages/min), scraped 107935 items (at 6655 items/min)
2018-04-26 04:57:17 [scrapy.extensions.logstats] INFO: Crawled 23448 pages (at 1525 pages/min), scraped 115215 items (at 7280 items/min)
2018-04-26 04:58:17 [scrapy.extensions.logstats] INFO: Crawled 25259 pages (at 1811 pages/min), scraped 121916 items (at 6701 items/min)
2018-04-26 04:59:17 [scrapy.extensions.logstats] INFO: Crawled 27182 pages (at 1923 pages/min), scraped 128219 items (at 6303 items/min)
2018-04-26 04:59:47 [scrapy.core.engine] INFO: Closing spider (finished)
2018-04-26 04:59:47 [scrapy.statscollectors] INFO: Dumping Scrapy stats:
{'downloader/request_bytes': 19192731,
 'downloader/request_count': 28145,
 'downloader/request_method_count/GET': 28145,
 'downloader/response_bytes': 166656160,
 'downloader/response_count': 28145,
 'downloader/response_status_count/200': 28145,
 'finish_reason': 'finished',
 'finish_time': datetime.datetime(2018, 4, 26, 7, 59, 47, 486194),
 'item_scraped_count': 131632,
 'log_count/INFO': 26,
 'memusage/max': 128454656,
 'memusage/startup': 85639168,
 'request_depth_max': 54,
 'response_received_count': 28145,
 'scheduler/dequeued': 28145,
 'scheduler/dequeued/memory': 28145,
 'scheduler/enqueued': 28145,
 'scheduler/enqueued/memory': 28145,
 'start_time': datetime.datetime(2018, 4, 26, 7, 40, 17, 951833)}
2018-04-26 04:59:47 [scrapy.core.engine] INFO: Spider closed (finished)
