2021-06-22-18-03-23  INFO       MainProcess  root inicio Tue Jun 22 18:03:23 2021
2021-06-22-18-04-20  INFO       MainProcess  root 10000/858701 Tue Jun 22 18:04:20 2021
2021-06-22-18-04-20  INFO       MainProcess  root actual rev date 2004-01-02
2021-06-22-18-04-30  INFO       MainProcess  root 20000/858701 Tue Jun 22 18:04:30 2021
2021-06-22-18-04-30  INFO       MainProcess  root actual rev date 2004-08-14
2021-06-22-18-04-40  INFO       MainProcess  root 30000/858701 Tue Jun 22 18:04:40 2021
2021-06-22-18-04-40  INFO       MainProcess  root actual rev date 2005-01-31
2021-06-22-18-04-53  INFO       MainProcess  root 40000/858701 Tue Jun 22 18:04:53 2021
2021-06-22-18-04-53  INFO       MainProcess  root actual rev date 2005-06-10
2021-06-22-18-05-04  INFO       MainProcess  root 50000/858701 Tue Jun 22 18:05:04 2021
2021-06-22-18-05-04  INFO       MainProcess  root actual rev date 2005-09-29
2021-06-22-18-05-14  INFO       MainProcess  root 60000/858701 Tue Jun 22 18:05:14 2021
2021-06-22-18-05-14  INFO       MainProcess  root actual rev date 2005-12-16
2021-06-22-18-05-25  INFO       MainProcess  root 70000/858701 Tue Jun 22 18:05:25 2021
2021-06-22-18-05-25  INFO       MainProcess  root actual rev date 2006-02-20
2021-06-22-18-05-37  INFO       MainProcess  root 80000/858701 Tue Jun 22 18:05:37 2021
2021-06-22-18-05-37  INFO       MainProcess  root actual rev date 2006-04-20
2021-06-22-18-05-48  INFO       MainProcess  root 90000/858701 Tue Jun 22 18:05:48 2021
2021-06-22-18-05-48  INFO       MainProcess  root actual rev date 2006-06-16
2021-06-22-18-06-01  INFO       MainProcess  root 100000/858701 Tue Jun 22 18:06:01 2021
2021-06-22-18-06-01  INFO       MainProcess  root actual rev date 2006-08-24
2021-06-22-18-06-12  INFO       MainProcess  root 110000/858701 Tue Jun 22 18:06:12 2021
2021-06-22-18-06-12  INFO       MainProcess  root actual rev date 2006-10-19
2021-06-22-18-06-23  INFO       MainProcess  root 120000/858701 Tue Jun 22 18:06:23 2021
2021-06-22-18-06-23  INFO       MainProcess  root actual rev date 2006-12-04
2021-06-22-18-06-34  INFO       MainProcess  root 130000/858701 Tue Jun 22 18:06:34 2021
2021-06-22-18-06-34  INFO       MainProcess  root actual rev date 2007-01-25
2021-06-22-18-06-44  INFO       MainProcess  root 140000/858701 Tue Jun 22 18:06:44 2021
2021-06-22-18-06-44  INFO       MainProcess  root actual rev date 2007-03-08
2021-06-22-18-06-55  INFO       MainProcess  root 150000/858701 Tue Jun 22 18:06:55 2021
2021-06-22-18-06-55  INFO       MainProcess  root actual rev date 2007-04-21
2021-06-22-18-07-06  INFO       MainProcess  root 160000/858701 Tue Jun 22 18:07:06 2021
2021-06-22-18-07-06  INFO       MainProcess  root actual rev date 2007-06-01
2021-06-22-18-07-18  INFO       MainProcess  root 170000/858701 Tue Jun 22 18:07:18 2021
2021-06-22-18-07-18  INFO       MainProcess  root actual rev date 2007-08-01
2021-06-22-18-07-29  INFO       MainProcess  root 180000/858701 Tue Jun 22 18:07:29 2021
2021-06-22-18-07-29  INFO       MainProcess  root actual rev date 2007-09-29
2021-06-22-18-07-40  INFO       MainProcess  root 190000/858701 Tue Jun 22 18:07:40 2021
2021-06-22-18-07-40  INFO       MainProcess  root actual rev date 2007-11-09
2021-06-22-18-07-51  INFO       MainProcess  root 200000/858701 Tue Jun 22 18:07:51 2021
2021-06-22-18-07-51  INFO       MainProcess  root actual rev date 2007-12-17
2021-06-22-18-08-04  INFO       MainProcess  root 210000/858701 Tue Jun 22 18:08:04 2021
2021-06-22-18-08-04  INFO       MainProcess  root actual rev date 2008-02-08
2021-06-22-18-08-17  INFO       MainProcess  root 220000/858701 Tue Jun 22 18:08:17 2021
2021-06-22-18-08-17  INFO       MainProcess  root actual rev date 2008-03-22
2021-06-22-18-08-31  INFO       MainProcess  root 230000/858701 Tue Jun 22 18:08:31 2021
2021-06-22-18-08-31  INFO       MainProcess  root actual rev date 2008-05-05
2021-06-22-18-08-44  INFO       MainProcess  root 240000/858701 Tue Jun 22 18:08:44 2021
2021-06-22-18-08-44  INFO       MainProcess  root actual rev date 2008-06-25
2021-06-22-18-08-59  INFO       MainProcess  root 250000/858701 Tue Jun 22 18:08:59 2021
2021-06-22-18-08-59  INFO       MainProcess  root actual rev date 2008-08-26
2021-06-22-18-09-14  INFO       MainProcess  root 260000/858701 Tue Jun 22 18:09:14 2021
2021-06-22-18-09-14  INFO       MainProcess  root actual rev date 2008-10-11
2021-06-22-18-09-30  INFO       MainProcess  root 270000/858701 Tue Jun 22 18:09:30 2021
2021-06-22-18-09-30  INFO       MainProcess  root actual rev date 2008-11-20
2021-06-22-18-09-49  INFO       MainProcess  root 280000/858701 Tue Jun 22 18:09:49 2021
2021-06-22-18-09-49  INFO       MainProcess  root actual rev date 2009-01-07
2021-06-22-18-10-07  INFO       MainProcess  root 290000/858701 Tue Jun 22 18:10:07 2021
2021-06-22-18-10-07  INFO       MainProcess  root actual rev date 2009-02-24
2021-06-22-18-10-26  INFO       MainProcess  root 300000/858701 Tue Jun 22 18:10:26 2021
2021-06-22-18-10-26  INFO       MainProcess  root actual rev date 2009-04-07
2021-06-22-18-10-46  INFO       MainProcess  root 310000/858701 Tue Jun 22 18:10:46 2021
2021-06-22-18-10-46  INFO       MainProcess  root actual rev date 2009-05-28
2021-06-22-18-11-03  INFO       MainProcess  root 320000/858701 Tue Jun 22 18:11:03 2021
2021-06-22-18-11-03  INFO       MainProcess  root actual rev date 2009-07-31
2021-06-22-18-11-20  INFO       MainProcess  root 330000/858701 Tue Jun 22 18:11:20 2021
2021-06-22-18-11-20  INFO       MainProcess  root actual rev date 2009-10-02
2021-06-22-18-11-37  INFO       MainProcess  root 340000/858701 Tue Jun 22 18:11:37 2021
2021-06-22-18-11-37  INFO       MainProcess  root actual rev date 2009-11-27
2021-06-22-18-11-55  INFO       MainProcess  root 350000/858701 Tue Jun 22 18:11:55 2021
2021-06-22-18-11-55  INFO       MainProcess  root actual rev date 2010-01-24
2021-06-22-18-12-13  INFO       MainProcess  root 360000/858701 Tue Jun 22 18:12:13 2021
2021-06-22-18-12-13  INFO       MainProcess  root actual rev date 2010-03-20
2021-06-22-18-12-33  INFO       MainProcess  root 370000/858701 Tue Jun 22 18:12:33 2021
2021-06-22-18-12-33  INFO       MainProcess  root actual rev date 2010-05-16
2021-06-22-18-12-55  INFO       MainProcess  root 380000/858701 Tue Jun 22 18:12:55 2021
2021-06-22-18-12-55  INFO       MainProcess  root actual rev date 2010-07-31
2021-06-22-18-13-20  INFO       MainProcess  root 390000/858701 Tue Jun 22 18:13:20 2021
2021-06-22-18-13-20  INFO       MainProcess  root actual rev date 2010-10-08
2021-06-22-18-13-38  INFO       MainProcess  root 400000/858701 Tue Jun 22 18:13:38 2021
2021-06-22-18-13-38  INFO       MainProcess  root actual rev date 2010-12-09
2021-06-22-18-13-55  INFO       MainProcess  root 410000/858701 Tue Jun 22 18:13:55 2021
2021-06-22-18-13-55  INFO       MainProcess  root actual rev date 2011-02-19
2021-06-22-18-14-11  INFO       MainProcess  root 420000/858701 Tue Jun 22 18:14:11 2021
2021-06-22-18-14-11  INFO       MainProcess  root actual rev date 2011-04-26
2021-06-22-18-14-31  INFO       MainProcess  root 430000/858701 Tue Jun 22 18:14:31 2021
2021-06-22-18-14-31  INFO       MainProcess  root actual rev date 2011-07-11
2021-06-22-18-14-51  INFO       MainProcess  root 440000/858701 Tue Jun 22 18:14:51 2021
2021-06-22-18-14-51  INFO       MainProcess  root actual rev date 2011-09-29
2021-06-22-18-15-06  INFO       MainProcess  root 450000/858701 Tue Jun 22 18:15:06 2021
2021-06-22-18-15-06  INFO       MainProcess  root actual rev date 2011-12-07
2021-06-22-18-15-22  INFO       MainProcess  root 460000/858701 Tue Jun 22 18:15:22 2021
2021-06-22-18-15-22  INFO       MainProcess  root actual rev date 2012-02-16
2021-06-22-18-15-40  INFO       MainProcess  root 470000/858701 Tue Jun 22 18:15:40 2021
2021-06-22-18-15-40  INFO       MainProcess  root actual rev date 2012-04-28
2021-06-22-18-16-00  INFO       MainProcess  root 480000/858701 Tue Jun 22 18:16:00 2021
2021-06-22-18-16-00  INFO       MainProcess  root actual rev date 2012-07-12
2021-06-22-18-16-24  INFO       MainProcess  root 490000/858701 Tue Jun 22 18:16:24 2021
2021-06-22-18-16-24  INFO       MainProcess  root actual rev date 2012-09-19
2021-06-22-18-16-43  INFO       MainProcess  root 500000/858701 Tue Jun 22 18:16:43 2021
2021-06-22-18-16-43  INFO       MainProcess  root actual rev date 2012-12-03
2021-06-22-18-17-00  INFO       MainProcess  root 510000/858701 Tue Jun 22 18:17:00 2021
2021-06-22-18-17-00  INFO       MainProcess  root actual rev date 2013-02-14
2021-06-22-18-17-18  INFO       MainProcess  root 520000/858701 Tue Jun 22 18:17:18 2021
2021-06-22-18-17-18  INFO       MainProcess  root actual rev date 2013-04-25
2021-06-22-18-17-38  INFO       MainProcess  root 530000/858701 Tue Jun 22 18:17:38 2021
2021-06-22-18-17-38  INFO       MainProcess  root actual rev date 2013-06-28
2021-06-22-18-17-58  INFO       MainProcess  root 540000/858701 Tue Jun 22 18:17:58 2021
2021-06-22-18-17-58  INFO       MainProcess  root actual rev date 2013-10-06
2021-06-22-18-18-21  INFO       MainProcess  root 550000/858701 Tue Jun 22 18:18:21 2021
2021-06-22-18-18-21  INFO       MainProcess  root actual rev date 2013-12-17
2021-06-22-18-18-46  INFO       MainProcess  root 560000/858701 Tue Jun 22 18:18:46 2021
2021-06-22-18-18-46  INFO       MainProcess  root actual rev date 2014-03-04
2021-06-22-18-19-09  INFO       MainProcess  root 570000/858701 Tue Jun 22 18:19:09 2021
2021-06-22-18-19-09  INFO       MainProcess  root actual rev date 2014-06-02
2021-06-22-18-19-34  INFO       MainProcess  root 580000/858701 Tue Jun 22 18:19:34 2021
2021-06-22-18-19-34  INFO       MainProcess  root actual rev date 2014-09-21
2021-06-22-18-19-56  INFO       MainProcess  root 590000/858701 Tue Jun 22 18:19:56 2021
2021-06-22-18-19-56  INFO       MainProcess  root actual rev date 2014-12-11
2021-06-22-18-20-20  INFO       MainProcess  root 600000/858701 Tue Jun 22 18:20:20 2021
2021-06-22-18-20-20  INFO       MainProcess  root actual rev date 2015-03-15
2021-06-22-18-20-42  INFO       MainProcess  root 610000/858701 Tue Jun 22 18:20:42 2021
2021-06-22-18-20-42  INFO       MainProcess  root actual rev date 2015-06-09
2021-06-22-18-21-03  INFO       MainProcess  root 620000/858701 Tue Jun 22 18:21:03 2021
2021-06-22-18-21-03  INFO       MainProcess  root actual rev date 2015-09-22
2021-06-22-18-21-28  INFO       MainProcess  root 630000/858701 Tue Jun 22 18:21:28 2021
2021-06-22-18-21-28  INFO       MainProcess  root actual rev date 2015-12-12
2021-06-22-18-21-52  INFO       MainProcess  root 640000/858701 Tue Jun 22 18:21:52 2021
2021-06-22-18-21-52  INFO       MainProcess  root actual rev date 2016-02-29
2021-06-22-18-22-15  INFO       MainProcess  root 650000/858701 Tue Jun 22 18:22:15 2021
2021-06-22-18-22-15  INFO       MainProcess  root actual rev date 2016-05-29
2021-06-22-18-22-42  INFO       MainProcess  root 660000/858701 Tue Jun 22 18:22:42 2021
2021-06-22-18-22-42  INFO       MainProcess  root actual rev date 2016-09-11
2021-06-22-18-23-06  INFO       MainProcess  root 670000/858701 Tue Jun 22 18:23:06 2021
2021-06-22-18-23-06  INFO       MainProcess  root actual rev date 2016-12-02
2021-06-22-18-23-29  INFO       MainProcess  root 680000/858701 Tue Jun 22 18:23:29 2021
2021-06-22-18-23-29  INFO       MainProcess  root actual rev date 2017-03-04
2021-06-22-18-23-55  INFO       MainProcess  root 690000/858701 Tue Jun 22 18:23:55 2021
2021-06-22-18-23-55  INFO       MainProcess  root actual rev date 2017-05-26
2021-06-22-18-24-20  INFO       MainProcess  root 700000/858701 Tue Jun 22 18:24:20 2021
2021-06-22-18-24-20  INFO       MainProcess  root actual rev date 2017-08-15
2021-06-22-18-24-48  INFO       MainProcess  root 710000/858701 Tue Jun 22 18:24:48 2021
2021-06-22-18-24-48  INFO       MainProcess  root actual rev date 2017-11-19
2021-06-22-18-25-16  INFO       MainProcess  root 720000/858701 Tue Jun 22 18:25:16 2021
2021-06-22-18-25-16  INFO       MainProcess  root actual rev date 2018-02-20
2021-06-22-18-25-45  INFO       MainProcess  root 730000/858701 Tue Jun 22 18:25:45 2021
2021-06-22-18-25-45  INFO       MainProcess  root actual rev date 2018-05-19
2021-06-22-18-26-13  INFO       MainProcess  root 740000/858701 Tue Jun 22 18:26:13 2021
2021-06-22-18-26-13  INFO       MainProcess  root actual rev date 2018-08-31
2021-06-22-18-26-41  INFO       MainProcess  root 750000/858701 Tue Jun 22 18:26:41 2021
2021-06-22-18-26-41  INFO       MainProcess  root actual rev date 2018-11-29
2021-06-22-18-27-03  INFO       MainProcess  root 760000/858701 Tue Jun 22 18:27:03 2021
2021-06-22-18-27-03  INFO       MainProcess  root actual rev date 2019-02-25
2021-06-22-18-27-23  INFO       MainProcess  root 770000/858701 Tue Jun 22 18:27:23 2021
2021-06-22-18-27-23  INFO       MainProcess  root actual rev date 2019-05-24
2021-06-22-18-27-46  INFO       MainProcess  root 780000/858701 Tue Jun 22 18:27:46 2021
2021-06-22-18-27-46  INFO       MainProcess  root actual rev date 2019-09-08
2021-06-22-18-28-10  INFO       MainProcess  root 790000/858701 Tue Jun 22 18:28:10 2021
2021-06-22-18-28-10  INFO       MainProcess  root actual rev date 2019-11-22
2021-06-22-18-28-37  INFO       MainProcess  root 800000/858701 Tue Jun 22 18:28:37 2021
2021-06-22-18-28-37  INFO       MainProcess  root actual rev date 2020-02-09
2021-06-22-18-29-09  INFO       MainProcess  root 810000/858701 Tue Jun 22 18:29:09 2021
2021-06-22-18-29-09  INFO       MainProcess  root actual rev date 2020-05-06
2021-06-22-18-29-34  INFO       MainProcess  root 820000/858701 Tue Jun 22 18:29:34 2021
2021-06-22-18-29-34  INFO       MainProcess  root actual rev date 2020-07-23
2021-06-22-18-30-00  INFO       MainProcess  root 830000/858701 Tue Jun 22 18:30:00 2021
2021-06-22-18-30-00  INFO       MainProcess  root actual rev date 2020-10-19
2021-06-22-18-30-25  INFO       MainProcess  root 840000/858701 Tue Jun 22 18:30:25 2021
2021-06-22-18-30-25  INFO       MainProcess  root actual rev date 2021-01-10
2021-06-22-18-30-58  INFO       MainProcess  root 850000/858701 Tue Jun 22 18:30:58 2021
2021-06-22-18-30-58  INFO       MainProcess  root actual rev date 2021-03-31
2021-06-22-18-31-32  INFO       MainProcess  root fim Tue Jun 22 18:31:32 2021
2021-06-22-18-31-32  INFO       MainProcess  root tempo gasto 1689.042349100113